Aligning contigs to reference...
	Aligning contigs to the reference
Filtering alignments...
Parsing coords...
Loading reference...
	Loaded [Fluviicola_taffensis_DSM_16823_NC_015321.1]
	Total Regions: 1
	Total Region Length: 4633577
Analyzing contigs...
CONTIG: k105_92396 (3552bp)
Best alignment score: 213.0 (LEN: 224, IDY: 95.09), Total number of alignments: 2
			Looking for the best set of alignments (out of 2 total alignments)
			Skipping redundant alignments after choosing the best set of alignments
		Skipping redundant alignment 2880535 2880758 | 3274 3051 | 224 224 | 95.09 | Fluviicola_taffensis_DSM_16823_NC_015321.1 k105_92396
		This contig has several significant sets of alignments. [An ambiguously mapped contig]
		Using only the very best set (option --ambiguity-usage is set to "one").
			The best set is below. Score: 213.0, number of alignments: 1, unaligned bases: 3328
		This contig is partially unaligned. (Aligned 224 out of 3552 non-N bases (6.31%))
		Alignment: 2757097 2757320 | 3274 3051 | 224 224 | 95.09 | Fluviicola_taffensis_DSM_16823_NC_015321.1 k105_92396
		Unaligned bases: 1 to 3050 (3050)
		Unaligned bases: 3275 to 3552 (278)

CONTIG: k105_98559 (604bp)
Best alignment score: 94.0 (LEN: 95, IDY: 98.95), Total number of alignments: 2
			Looking for the best set of alignments (out of 2 total alignments)
			Skipping redundant alignments after choosing the best set of alignments
		Skipping redundant alignment 2880044 2880138 | 124 218 | 95 95 | 98.95 | Fluviicola_taffensis_DSM_16823_NC_015321.1 k105_98559
		This contig has several significant sets of alignments. [An ambiguously mapped contig]
		Using only the very best set (option --ambiguity-usage is set to "one").
			The best set is below. Score: 94.0, number of alignments: 1, unaligned bases: 509
		Alignment: 2756606 2756700 | 124 218 | 95 95 | 98.95 | Fluviicola_taffensis_DSM_16823_NC_015321.1 k105_98559

CONTIG: k105_10994 (649bp)
		This contig is unaligned. (649 bp)
		Unaligned bases: 649 (number of Ns: 0)

CONTIG: k105_20553 (626bp)
Best alignment score: 477.0 (LEN: 495, IDY: 96.36), Total number of alignments: 2
			Looking for the best set of alignments (out of 2 total alignments)
			Skipping redundant alignments after choosing the best set of alignments
		Skipping redundant alignment 2877385 2877878 | 600 106 | 494 495 | 96.36 | Fluviicola_taffensis_DSM_16823_NC_015321.1 k105_20553
		This contig has several significant sets of alignments. [An ambiguously mapped contig]
		Using only the very best set (option --ambiguity-usage is set to "one").
			The best set is below. Score: 477.0, number of alignments: 1, unaligned bases: 131
		Alignment: 2753798 2754291 | 600 106 | 494 495 | 96.36 | Fluviicola_taffensis_DSM_16823_NC_015321.1 k105_20553

CONTIG: k105_117534 (2207bp)
Best alignment score: 82.0 (LEN: 83, IDY: 98.80), Total number of alignments: 1
			Looking for the best set of alignments (out of 1 total alignments)
			The best set is below. Score: 82.0, number of alignments: 1, unaligned bases: 2124
		This contig is partially unaligned. (Aligned 83 out of 2207 non-N bases (3.76%))
		Alignment: 2754495 2754577 | 1558 1640 | 83 83 | 98.8 | Fluviicola_taffensis_DSM_16823_NC_015321.1 k105_117534
		Unaligned bases: 1 to 1557 (1557)
		Unaligned bases: 1641 to 2207 (567)

CONTIG: k105_124013 (5869bp)
Best alignment score: 164.0 (LEN: 172, IDY: 95.35), Total number of alignments: 2
			Looking for the best set of alignments (out of 2 total alignments)
			Skipping redundant alignments after choosing the best set of alignments
		Skipping redundant alignment 2879983 2880154 | 4626 4455 | 172 172 | 95.35 | Fluviicola_taffensis_DSM_16823_NC_015321.1 k105_124013
		This contig has several significant sets of alignments. [An ambiguously mapped contig]
		Using only the very best set (option --ambiguity-usage is set to "one").
			The best set is below. Score: 164.0, number of alignments: 1, unaligned bases: 5697
		This contig is partially unaligned. (Aligned 172 out of 5869 non-N bases (2.93%))
		Alignment: 2756545 2756716 | 4626 4455 | 172 172 | 95.35 | Fluviicola_taffensis_DSM_16823_NC_015321.1 k105_124013
		Unaligned bases: 1 to 4454 (4454)
		Unaligned bases: 4627 to 5869 (1243)

CONTIG: k105_34836 (674bp)
		This contig is unaligned. (674 bp)
		Unaligned bases: 674 (number of Ns: 0)

CONTIG: k105_131791 (568bp)
Best alignment score: 119.0 (LEN: 125, IDY: 95.20), Total number of alignments: 1
			Looking for the best set of alignments (out of 1 total alignments)
			The best set is below. Score: 119.0, number of alignments: 1, unaligned bases: 443
		Alignment: 2480057 2480181 | 278 402 | 125 125 | 95.2 | Fluviicola_taffensis_DSM_16823_NC_015321.1 k105_131791

CONTIG: k105_48120 (666bp)
Best alignment score: 103.0 (LEN: 106, IDY: 97.17), Total number of alignments: 2
			Looking for the best set of alignments (out of 2 total alignments)
			Skipping redundant alignments after choosing the best set of alignments
		Skipping redundant alignment 2756593 2756698 | 106 1 | 106 106 | 97.17 | Fluviicola_taffensis_DSM_16823_NC_015321.1 k105_48120
		This contig has several significant sets of alignments. [An ambiguously mapped contig]
		Using only the very best set (option --ambiguity-usage is set to "one").
			The best set is below. Score: 103.0, number of alignments: 1, unaligned bases: 560
		This contig is partially unaligned. (Aligned 106 out of 666 non-N bases (15.92%))
		Alignment: 2880031 2880136 | 106 1 | 106 106 | 97.17 | Fluviicola_taffensis_DSM_16823_NC_015321.1 k105_48120
		Unaligned bases: 107 to 666 (560)

CONTIG: k105_147490 (671bp)
Best alignment score: 104.0 (LEN: 109, IDY: 95.41), Total number of alignments: 2
			Looking for the best set of alignments (out of 2 total alignments)
			Skipping redundant alignments after choosing the best set of alignments
		Skipping redundant alignment 2756593 2756701 | 207 99 | 109 109 | 95.41 | Fluviicola_taffensis_DSM_16823_NC_015321.1 k105_147490
		This contig has several significant sets of alignments. [An ambiguously mapped contig]
		Using only the very best set (option --ambiguity-usage is set to "one").
			The best set is below. Score: 104.0, number of alignments: 1, unaligned bases: 562
		Alignment: 2880031 2880139 | 207 99 | 109 109 | 95.41 | Fluviicola_taffensis_DSM_16823_NC_015321.1 k105_147490

CONTIG: k105_56861 (504bp)
Best alignment score: 111.0 (LEN: 115, IDY: 96.52), Total number of alignments: 2
			Looking for the best set of alignments (out of 2 total alignments)
			Skipping redundant alignments after choosing the best set of alignments
		Skipping redundant alignment 2753648 2753762 | 1 115 | 115 115 | 96.52 | Fluviicola_taffensis_DSM_16823_NC_015321.1 k105_56861
		This contig has several significant sets of alignments. [An ambiguously mapped contig]
		Using only the very best set (option --ambiguity-usage is set to "one").
			The best set is below. Score: 111.0, number of alignments: 1, unaligned bases: 389
		Alignment: 2877235 2877349 | 1 115 | 115 115 | 96.52 | Fluviicola_taffensis_DSM_16823_NC_015321.1 k105_56861

CONTIG: k105_59388 (557bp)
Best alignment score: 69.0 (LEN: 69, IDY: 100.00), Total number of alignments: 1
			Looking for the best set of alignments (out of 1 total alignments)
			The best set is below. Score: 69.0, number of alignments: 1, unaligned bases: 488
		Alignment: 2754495 2754563 | 74 6 | 69 69 | 100.0 | Fluviicola_taffensis_DSM_16823_NC_015321.1 k105_59388

CONTIG: k105_160951 (605bp)
Best alignment score: 81.0 (LEN: 82, IDY: 98.78), Total number of alignments: 2
			Looking for the best set of alignments (out of 2 total alignments)
			Skipping redundant alignments after choosing the best set of alignments
		Skipping redundant alignment 2880057 2880138 | 1 82 | 82 82 | 98.78 | Fluviicola_taffensis_DSM_16823_NC_015321.1 k105_160951
		This contig has several significant sets of alignments. [An ambiguously mapped contig]
		Using only the very best set (option --ambiguity-usage is set to "one").
			The best set is below. Score: 81.0, number of alignments: 1, unaligned bases: 523
		This contig is partially unaligned. (Aligned 82 out of 605 non-N bases (13.55%))
		Alignment: 2756619 2756700 | 1 82 | 82 82 | 98.78 | Fluviicola_taffensis_DSM_16823_NC_015321.1 k105_160951
		Unaligned bases: 83 to 605 (523)

CONTIG: k105_165104 (1435bp)
Best alignment score: 80.0 (LEN: 84, IDY: 95.24), Total number of alignments: 3
			Looking for the best set of alignments (out of 3 total alignments)
			The best set is below. Score: 227.0, number of alignments: 3, unaligned bases: 1202
		This contig is misassembled.
		This contig is partially unaligned. (Aligned 233 out of 1435 non-N bases (16.24%))
			Warning! This contig is more unaligned than misassembled. Contig length is 1435 (number of Ns: 0) and total length of all aligns is 233
		Alignment: 2754490 2754573 | 683 600 | 84 84 | 95.24 | Fluviicola_taffensis_DSM_16823_NC_015321.1 k105_165104
		Alignment: 2754388 2754462 | 762 688 | 75 75 | 97.33 | Fluviicola_taffensis_DSM_16823_NC_015321.1 k105_165104
		Alignment: 2753798 2753871 | 1406 1333 | 74 74 | 100.0 | Fluviicola_taffensis_DSM_16823_NC_015321.1 k105_165104
		Unaligned bases: 1202

CONTIG: k105_165786 (542bp)
Best alignment score: 95.0 (LEN: 98, IDY: 96.94), Total number of alignments: 2
			Looking for the best set of alignments (out of 2 total alignments)
			Skipping redundant alignments after choosing the best set of alignments
		Skipping redundant alignment 2876838 2876935 | 271 368 | 98 98 | 96.94 | Fluviicola_taffensis_DSM_16823_NC_015321.1 k105_165786
		This contig has several significant sets of alignments. [An ambiguously mapped contig]
		Using only the very best set (option --ambiguity-usage is set to "one").
			The best set is below. Score: 95.0, number of alignments: 1, unaligned bases: 444
		Alignment: 2753251 2753348 | 271 368 | 98 98 | 96.94 | Fluviicola_taffensis_DSM_16823_NC_015321.1 k105_165786

CONTIG: k105_173036 (1056bp)
Best alignment score: 82.0 (LEN: 84, IDY: 97.62), Total number of alignments: 2
			Looking for the best set of alignments (out of 2 total alignments)
			Skipping redundant alignments after choosing the best set of alignments
		Skipping redundant alignment 2880055 2880138 | 1056 973 | 84 84 | 97.62 | Fluviicola_taffensis_DSM_16823_NC_015321.1 k105_173036
		This contig has several significant sets of alignments. [An ambiguously mapped contig]
		Using only the very best set (option --ambiguity-usage is set to "one").
			The best set is below. Score: 82.0, number of alignments: 1, unaligned bases: 972
		This contig is partially unaligned. (Aligned 84 out of 1056 non-N bases (7.95%))
		Alignment: 2756617 2756700 | 1056 973 | 84 84 | 97.62 | Fluviicola_taffensis_DSM_16823_NC_015321.1 k105_173036
		Unaligned bases: 1 to 972 (972)

CONTIG: k105_80889 (695bp)
		This contig is unaligned. (695 bp)
		Unaligned bases: 695 (number of Ns: 0)

Analyzing coverage...
Writing SNPs into /home/andreak/Genome_Analysis/Genome-Analysis/data/Metaquast/D3-SRR4342133_metaquast_out/runs_per_reference/Fluviicola_taffensis_DSM_16823/contigs_reports/minimap_output/final-contigs.used_snps.gz

Analysis is finished!
Founded SNPs were written into /home/andreak/Genome_Analysis/Genome-Analysis/data/Metaquast/D3-SRR4342133_metaquast_out/runs_per_reference/Fluviicola_taffensis_DSM_16823/contigs_reports/minimap_output/final-contigs.used_snps.gz

Results:
	Local Misassemblies: 0
	Misassemblies: 0
		Relocations: 0
		Translocations: 0
		Inversions: 0
	Scaffold gap extensive misassemblies: 0
	Scaffold gap local misassemblies: 0
	Misassembled Contigs: 0
	Misassembled Contig Bases: 0
	Misassemblies Inter-Contig Overlap: 0
Unaligned Contigs: 3 + 7 part
Half Unaligned Contigs with Misassemblies: 1
Unaligned Contig Bases: 16424

Ambiguously Mapped Contigs: 10
Total Bases in Ambiguously Mapped Contigs: 14695
Extra Bases in Ambiguously Mapped Contigs: 0
Note that --allow-ambiguity option was set to "one" and only first alignment per each of these contigs was used.

	Covered Bases: 1500

	SNPs: 68
	Insertions: 1
	Deletions: 0

