Aligning contigs to reference...
	Aligning contigs to the reference
Filtering alignments...
Parsing coords...
Loading reference...
	Loaded [Neisseria_sp._CSL_7565_NZ_CP031700.1]
	Total Regions: 1
	Total Region Length: 2423693
Analyzing contigs...
CONTIG: k105_162850 (1497bp)
Best alignment score: 93.0 (LEN: 96, IDY: 96.88), Total number of alignments: 4
			Looking for the best set of alignments (out of 4 total alignments)
			Skipping redundant alignments after choosing the best set of alignments
		Skipping redundant alignment 30713 30808 | 96 191 | 96 96 | 96.88 | Neisseria_sp._CSL_7565_NZ_CP031700.1 k105_162850
		Skipping redundant alignment 185957 186052 | 96 191 | 96 96 | 96.88 | Neisseria_sp._CSL_7565_NZ_CP031700.1 k105_162850
		Skipping redundant alignment 13972 14067 | 96 191 | 96 96 | 96.88 | Neisseria_sp._CSL_7565_NZ_CP031700.1 k105_162850
		This contig has several significant sets of alignments. [An ambiguously mapped contig]
		Using only the very best set (option --ambiguity-usage is set to "one").
			The best set is below. Score: 93.0, number of alignments: 1, unaligned bases: 1401
		This contig is partially unaligned. (Aligned 96 out of 1497 non-N bases (6.41%))
		Alignment: 1822811 1822906 | 96 191 | 96 96 | 96.88 | Neisseria_sp._CSL_7565_NZ_CP031700.1 k105_162850
		Unaligned bases: 1 to 95 (95)
		Unaligned bases: 192 to 1497 (1306)

Analyzing coverage...
Writing SNPs into /home/andreak/Genome_Analysis/Genome-Analysis/data/Metaquast/D3-SRR4342133_metaquast_out/runs_per_reference/Neisseria_sp._CSL_7565/contigs_reports/minimap_output/final-contigs.used_snps.gz

Analysis is finished!
Founded SNPs were written into /home/andreak/Genome_Analysis/Genome-Analysis/data/Metaquast/D3-SRR4342133_metaquast_out/runs_per_reference/Neisseria_sp._CSL_7565/contigs_reports/minimap_output/final-contigs.used_snps.gz

Results:
	Local Misassemblies: 0
	Misassemblies: 0
		Relocations: 0
		Translocations: 0
		Inversions: 0
	Scaffold gap extensive misassemblies: 0
	Scaffold gap local misassemblies: 0
	Misassembled Contigs: 0
	Misassembled Contig Bases: 0
	Misassemblies Inter-Contig Overlap: 0
Unaligned Contigs: 0 + 1 part
Half Unaligned Contigs with Misassemblies: 0
Unaligned Contig Bases: 1401

Ambiguously Mapped Contigs: 1
Total Bases in Ambiguously Mapped Contigs: 1497
Extra Bases in Ambiguously Mapped Contigs: 0
Note that --allow-ambiguity option was set to "one" and only first alignment per each of these contigs was used.

	Covered Bases: 96

	SNPs: 3
	Insertions: 0
	Deletions: 0

