/sw/bioinfo/quast/5.0.2/rackham/bin/quast.py --combined-ref --colors #E31A1C --ls solid --ambiguity-usage all /home/andreak/Genome_Analysis/Genome-Analysis/data/Megahit/D1-SRR4342129_contigs/final.contigs.fa -R /home/andreak/Genome_Analysis/Genome-Analysis/data/Metaquast/D1-SRR4342129_metaquast_out/quast_corrected_input/combined_reference.fasta -o /home/andreak/Genome_Analysis/Genome-Analysis/data/Metaquast/D1-SRR4342129_metaquast_out/combined_reference --labels final.contigs

Started: 2022-04-05 17:06:58

Logging to /home/andreak/Genome_Analysis/Genome-Analysis/data/Metaquast/D1-SRR4342129_metaquast_out/combined_reference/quast.log
NOTICE: Output directory already exists and looks like a QUAST output dir. Existing results can be reused (e.g. previously generated alignments)!
NOTICE: Maximum number of threads is set to 4 (use --threads option to set it manually)

CWD: /domus/h1/andreak/Genome_Analysis/Genome-Analysis/code
Main parameters: 
  MODE: meta, threads: 4, minimum contig length: 500, minimum alignment length: 65, ambiguity: all, \
  threshold for extensive misassembly size: 1000

Reference:
  /home/andreak/Genome_Analysis/Genome-Analysis/data/Metaquast/D1-SRR4342129_metaquast_out/quast_corrected_input/combined_reference.fasta ==> combined_reference

Contigs:
  Pre-processing...
  /home/andreak/Genome_Analysis/Genome-Analysis/data/Megahit/D1-SRR4342129_contigs/final.contigs.fa ==> final.contigs

2022-04-05 17:07:05
Running Basic statistics processor...
  Reference genome:
    combined_reference.fasta, length = 2224914, num fragments = 1, GC % = 60.84
  Contig files: 
    final.contigs
  Calculating N50 and L50...
    final.contigs, N50 = 1095, L50 = 21215, Total length = 95542768, GC % = 46.53, # N's per 100 kbp =  0.00
  Drawing Nx plot...
    saved to /home/andreak/Genome_Analysis/Genome-Analysis/data/Metaquast/D1-SRR4342129_metaquast_out/combined_reference/basic_stats/Nx_plot.pdf
  Drawing cumulative plot...
    saved to /home/andreak/Genome_Analysis/Genome-Analysis/data/Metaquast/D1-SRR4342129_metaquast_out/combined_reference/basic_stats/cumulative_plot.pdf
  Drawing GC content plot...
    saved to /home/andreak/Genome_Analysis/Genome-Analysis/data/Metaquast/D1-SRR4342129_metaquast_out/combined_reference/basic_stats/GC_content_plot.pdf
  Drawing final.contigs GC content plot...
    saved to /home/andreak/Genome_Analysis/Genome-Analysis/data/Metaquast/D1-SRR4342129_metaquast_out/combined_reference/basic_stats/final.contigs_GC_content_plot.pdf
Done.

2022-04-05 17:07:14
Running Contig analyzer...
  final.contigs
  Logging to files /home/andreak/Genome_Analysis/Genome-Analysis/data/Metaquast/D1-SRR4342129_metaquast_out/combined_reference/contigs_reports/contigs_report_final-contigs.stdout and contigs_report_final-contigs.stderr...
  Aligning contigs to the reference
  /sw/bioinfo/quast/5.0.2/rackham/lib/python3.7/site-packages/quast_libs/minimap2/minimap2 \
  -c -x asm10 -B5 -O4,16 --no-long-join -r 85 -N 100 -s 65 -z 200 --mask-level 1 --min-occ \
  200 -g 2500 --score-N 2 --cs -t 4 /home/andreak/Genome_Analysis/Genome-Analysis/data/Metaquast/D1-SRR4342129_metaquast_out/quast_corrected_input/combined_reference.fasta \
  /home/andreak/Genome_Analysis/Genome-Analysis/data/Metaquast/D1-SRR4342129_metaquast_out/combined_reference/../quast_corrected_input/final_contigs.fa__2 \
  > /home/andreak/Genome_Analysis/Genome-Analysis/data/Metaquast/D1-SRR4342129_metaquast_out/combined_reference/contigs_reports/minimap_output/final-contigs.coords_tmp \
  2>> /home/andreak/Genome_Analysis/Genome-Analysis/data/Metaquast/D1-SRR4342129_metaquast_out/combined_reference/contigs_reports/contigs_report_final-contigs.stderr
  Alignments: ../../../../../../home/andreak/Genome_Analysis/Genome-Analysis/data/Metaquast/D1-SRR4342129_metaquast_out/combined_reference/contigs_reports/alignments_final-contigs.tsv
  Analysis is finished.

  Information about interspecies translocations by references for final_contigs is saved to /home/andreak/Genome_Analysis/Genome-Analysis/data/Metaquast/D1-SRR4342129_metaquast_out/combined_reference/contigs_reports/interspecies_translocations_by_refs_final_contigs.info
  Drawing Intergenomic misassemblies (found and supposed) metaQUAST summary plot...
    saved to /home/andreak/Genome_Analysis/Genome-Analysis/data/Metaquast/D1-SRR4342129_metaquast_out/combined_reference/contigs_reports/intergenomic_misassemblies.pdf
  Creating total report...
    saved to /home/andreak/Genome_Analysis/Genome-Analysis/data/Metaquast/D1-SRR4342129_metaquast_out/combined_reference/contigs_reports/misassemblies_report.txt, misassemblies_report.tsv, and misassemblies_report.tex
  Transposed version of total report...
    saved to /home/andreak/Genome_Analysis/Genome-Analysis/data/Metaquast/D1-SRR4342129_metaquast_out/combined_reference/contigs_reports/transposed_report_misassemblies.txt, transposed_report_misassemblies.tsv, and transposed_report_misassemblies.tex
  Creating total report...
    saved to /home/andreak/Genome_Analysis/Genome-Analysis/data/Metaquast/D1-SRR4342129_metaquast_out/combined_reference/contigs_reports/unaligned_report.txt, unaligned_report.tsv, and unaligned_report.tex
  Drawing misassemblies by types plot...
    saved to /home/andreak/Genome_Analysis/Genome-Analysis/data/Metaquast/D1-SRR4342129_metaquast_out/combined_reference/contigs_reports/misassemblies_plot.pdf
  Drawing misassemblies FRCurve plot...
    saved to /home/andreak/Genome_Analysis/Genome-Analysis/data/Metaquast/D1-SRR4342129_metaquast_out/combined_reference/contigs_reports/misassemblies_frcurve_plot.pdf
Done.

2022-04-05 17:07:23
Running NA-NGA calculation...
  final.contigs, Largest alignment = 3896, NA50 = None, LA50 = None
  Drawing cumulative plot...
    saved to /home/andreak/Genome_Analysis/Genome-Analysis/data/Metaquast/D1-SRR4342129_metaquast_out/combined_reference/aligned_stats/cumulative_plot.pdf
  Drawing NAx plot...
    saved to /home/andreak/Genome_Analysis/Genome-Analysis/data/Metaquast/D1-SRR4342129_metaquast_out/combined_reference/aligned_stats/NAx_plot.pdf
Done.

2022-04-05 17:07:26
Running Genome analyzer...
  NOTICE: No file with genomic features were provided. Use the --features option if you want to specify it.

  NOTICE: No file with operons were provided. Use the -O option if you want to specify it.
  final.contigs
  Analysis is finished.
  Skipping drawing Genome fraction, % histogram... (less than 2 columns histogram makes no sense)
Done.

NOTICE: Genes are not predicted by default. Use --gene-finding or --glimmer option to enable it.

2022-04-05 17:07:28
Creating large visual summaries...
This may take a while: press Ctrl-C to skip this step..
  1 of 2: Creating Icarus viewers...
  2 of 2: Creating PDF with all tables and plots...
Done

2022-04-05 17:07:31
RESULTS:
  Text versions of total report are saved to /home/andreak/Genome_Analysis/Genome-Analysis/data/Metaquast/D1-SRR4342129_metaquast_out/combined_reference/report.txt, report.tsv, and report.tex
  Text versions of transposed total report are saved to /home/andreak/Genome_Analysis/Genome-Analysis/data/Metaquast/D1-SRR4342129_metaquast_out/combined_reference/transposed_report.txt, transposed_report.tsv, and transposed_report.tex
  HTML version (interactive tables and plots) is saved to /home/andreak/Genome_Analysis/Genome-Analysis/data/Metaquast/D1-SRR4342129_metaquast_out/combined_reference/report.html
  PDF version (tables and plots) is saved to /home/andreak/Genome_Analysis/Genome-Analysis/data/Metaquast/D1-SRR4342129_metaquast_out/combined_reference/report.pdf
  Icarus (contig browser) is saved to /home/andreak/Genome_Analysis/Genome-Analysis/data/Metaquast/D1-SRR4342129_metaquast_out/combined_reference/icarus.html
