2022-03-30 15:27:19 - MEGAHIT v1.2.9
2022-03-30 15:27:19 - Using megahit_core with POPCNT support
2022-03-30 15:27:19 - Convert reads to binary library
2022-03-30 15:30:18 - INFO  sequence/io/sequence_lib.cpp  :   75 - Lib 0 (/home/andreak/Genome_Analysis/3_Thrash_2017/DNA_trimmed/SRR4342129_1.paired.trimmed.fastq.gz,/home/andreak/Genome_Analysis/3_Thrash_2017/DNA_trimmed/SRR4342129_2.paired.trimmed.fastq.gz): pe, 48110692 reads, 101 max length
2022-03-30 15:30:19 - INFO  utils/utils.h                 :  152 - Real: 180.5846	user: 49.8823	sys: 6.0234	maxrss: 273348
2022-03-30 15:30:19 - k-max reset to: 119 
2022-03-30 15:30:19 - Start assembly. Number of CPU threads 16 
2022-03-30 15:30:19 - k list: 21,29,39,59,79,99,119 
2022-03-30 15:30:19 - Memory used: 121485610598
2022-03-30 15:30:19 - Extract solid (k+1)-mers for k = 21 
2022-03-30 15:51:36 - Build graph for k = 21 
2022-03-30 16:17:56 - Assemble contigs from SdBG for k = 21
2022-03-30 18:01:25 - Local assembly for k = 21
2022-03-30 18:10:38 - Extract iterative edges from k = 21 to 29 
2022-03-30 18:25:54 - Build graph for k = 29 
2022-03-30 18:35:53 - Assemble contigs from SdBG for k = 29
2022-03-30 19:33:55 - Local assembly for k = 29
2022-03-30 19:47:08 - Extract iterative edges from k = 29 to 39 
2022-03-30 19:52:36 - Build graph for k = 39 
2022-03-30 20:00:02 - Assemble contigs from SdBG for k = 39
2022-03-30 20:44:04 - Local assembly for k = 39
2022-03-30 21:02:58 - Extract iterative edges from k = 39 to 59 
2022-03-30 21:06:44 - Build graph for k = 59 
2022-03-30 21:12:03 - Assemble contigs from SdBG for k = 59
2022-03-30 21:42:43 - Local assembly for k = 59
2022-03-30 21:57:04 - Extract iterative edges from k = 59 to 79 
2022-03-30 21:58:46 - Build graph for k = 79 
2022-03-30 22:02:09 - Assemble contigs from SdBG for k = 79
2022-03-30 22:27:01 - Local assembly for k = 79
2022-03-30 22:37:53 - Extract iterative edges from k = 79 to 99 
2022-03-30 22:38:48 - Build graph for k = 99 
2022-03-30 22:41:14 - Assemble contigs from SdBG for k = 99
2022-03-30 23:01:16 - Local assembly for k = 99
2022-03-30 23:10:17 - Extract iterative edges from k = 99 to 119 
2022-03-30 23:10:22 - Build graph for k = 119 
2022-03-30 23:12:26 - Assemble contigs from SdBG for k = 119
2022-03-30 23:27:52 - Merging to output final contigs 
2022-03-30 23:27:57 - 440794 contigs, total 339514866 bp, min 200 bp, max 107401 bp, avg 770 bp, N50 891 bp
2022-03-30 23:27:57 - ALL DONE. Time elapsed: 28838.638514 seconds 
2022-03-30 23:27:58 - MEGAHIT v1.2.9
2022-03-30 23:27:58 - Using megahit_core with POPCNT support
2022-03-30 23:27:58 - Convert reads to binary library
2022-03-30 23:30:25 - INFO  sequence/io/sequence_lib.cpp  :   75 - Lib 0 (/home/andreak/Genome_Analysis/3_Thrash_2017/DNA_trimmed/SRR4342133_1.paired.trimmed.fastq.gz,/home/andreak/Genome_Analysis/3_Thrash_2017/DNA_trimmed/SRR4342133_2.paired.trimmed.fastq.gz): pe, 59954188 reads, 101 max length
2022-03-30 23:30:27 - INFO  utils/utils.h                 :  152 - Real: 149.1877	user: 58.3735	sys: 8.3958	maxrss: 273360
2022-03-30 23:30:27 - k-max reset to: 119 
2022-03-30 23:30:27 - Start assembly. Number of CPU threads 16 
2022-03-30 23:30:27 - k list: 21,29,39,59,79,99,119 
2022-03-30 23:30:27 - Memory used: 121485610598
2022-03-30 23:30:27 - Extract solid (k+1)-mers for k = 21 
2022-03-30 23:54:33 - Build graph for k = 21 
2022-03-31 00:12:52 - Assemble contigs from SdBG for k = 21
2022-03-31 01:44:16 - Local assembly for k = 21
2022-03-31 01:53:11 - Extract iterative edges from k = 21 to 29 
2022-03-31 02:12:33 - Build graph for k = 29 
2022-03-31 02:21:15 - Assemble contigs from SdBG for k = 29
2022-03-31 03:13:29 - Local assembly for k = 29
2022-03-31 03:27:53 - Extract iterative edges from k = 29 to 39 
2022-03-31 03:34:26 - Build graph for k = 39 
2022-03-31 03:40:56 - Assemble contigs from SdBG for k = 39
2022-03-31 04:20:24 - Local assembly for k = 39
2022-03-31 04:41:51 - Extract iterative edges from k = 39 to 59 
2022-03-31 04:45:17 - Build graph for k = 59 
2022-03-31 04:49:56 - Assemble contigs from SdBG for k = 59
2022-03-31 05:17:49 - Local assembly for k = 59
2022-03-31 05:35:46 - Extract iterative edges from k = 59 to 79 
2022-03-31 05:37:34 - Build graph for k = 79 
2022-03-31 05:40:44 - Assemble contigs from SdBG for k = 79
2022-03-31 06:03:09 - Local assembly for k = 79
2022-03-31 06:16:48 - Extract iterative edges from k = 79 to 99 
2022-03-31 06:17:59 - Build graph for k = 99 
2022-03-31 06:20:15 - Assemble contigs from SdBG for k = 99
2022-03-31 06:38:38 - Local assembly for k = 99
2022-03-31 06:50:50 - Extract iterative edges from k = 99 to 119 
2022-03-31 06:50:55 - Build graph for k = 119 
2022-03-31 06:52:54 - Assemble contigs from SdBG for k = 119
2022-03-31 07:07:03 - Merging to output final contigs 
2022-03-31 07:07:07 - 393173 contigs, total 316557041 bp, min 200 bp, max 343433 bp, avg 805 bp, N50 946 bp
2022-03-31 07:07:08 - ALL DONE. Time elapsed: 27550.219754 seconds 
