[M::mm_idx_gen::5.199*1.25] collected minimizers
[M::mm_idx_gen::6.364*1.33] sorted minimizers
[M::main::6.364*1.33] loaded/built the index for 1617 target sequence(s)
[M::mm_mapopt_update::6.655*1.32] mid_occ = 200
[M::mm_idx_stat] kmer size: 19; skip: 19; is_hpc: 0; #seq: 1617
[M::mm_idx_stat::6.855*1.31] distinct minimizers: 17089505 (98.90% are singletons); average occurrences: 1.017; average spacing: 10.004
[M::worker_pipeline::12.919*1.58] mapped 89614 sequences
[M::main] Version: 2.11-r797
[M::main] CMD: /sw/bioinfo/quast/5.0.2/rackham/lib/python3.7/site-packages/quast_libs/minimap2/minimap2 -c -x asm10 -B5 -O4,16 --no-long-join -r 85 -N 100 -s 65 -z 200 --mask-level 1 --min-occ 200 -g 2500 --score-N 2 --cs -t 4 /home/andreak/Genome_Analysis/Genome-Analysis/data/Metaquast/D1-SRR4342129_metaquast_out/quast_corrected_input/combined_reference.fasta /home/andreak/Genome_Analysis/Genome-Analysis/data/Metaquast/D1-SRR4342129_metaquast_out/combined_reference/../quast_corrected_input/final_contigs.fa
[M::main] Real time: 13.010 sec; CPU: 20.508 sec
[M::mm_idx_gen::0.080*1.03] collected minimizers
[M::mm_idx_gen::0.104*1.05] sorted minimizers
[M::main::0.104*1.05] loaded/built the index for 1 target sequence(s)
[M::mm_mapopt_update::0.108*1.05] mid_occ = 200
[M::mm_idx_stat] kmer size: 19; skip: 19; is_hpc: 0; #seq: 1
[M::mm_idx_stat::0.110*1.05] distinct minimizers: 221774 (99.76% are singletons); average occurrences: 1.003; average spacing: 10.001
[M::worker_pipeline::2.384*1.79] mapped 89614 sequences
[M::main] Version: 2.11-r797
[M::main] CMD: /sw/bioinfo/quast/5.0.2/rackham/lib/python3.7/site-packages/quast_libs/minimap2/minimap2 -c -x asm10 -B5 -O4,16 --no-long-join -r 85 -N 100 -s 65 -z 200 --mask-level 1 --min-occ 200 -g 2500 --score-N 2 --cs -t 4 /home/andreak/Genome_Analysis/Genome-Analysis/data/Metaquast/D1-SRR4342129_metaquast_out/quast_corrected_input/combined_reference.fasta /home/andreak/Genome_Analysis/Genome-Analysis/data/Metaquast/D1-SRR4342129_metaquast_out/combined_reference/../quast_corrected_input/final_contigs.fa__2
[M::main] Real time: 2.391 sec; CPU: 4.280 sec
