[2022-04-21 10:22:21] INFO: CheckM v1.1.3
[2022-04-21 10:22:21] INFO: checkm lineage_wf -t 10 -x fa --reduced_tree /home/andreak/Genome_Analysis/Genome-Analysis/data/Metabat/D1_metabat/ /home/andreak/Genome_Analysis/Genome-Analysis/data/Checkm/D1-SRR4342129_checkm
[2022-04-21 10:22:21] INFO: [CheckM - tree] Placing bins in reference genome tree.
[2022-04-21 10:22:22] INFO: Identifying marker genes in 12 bins with 10 threads:
[2022-04-21 10:22:54] INFO: Saving HMM info to file.
[2022-04-21 10:22:54] INFO: Calculating genome statistics for 12 bins with 10 threads:
[2022-04-21 10:22:54] INFO: Extracting marker genes to align.
[2022-04-21 10:22:54] INFO: Parsing HMM hits to marker genes:
[2022-04-21 10:22:55] INFO: Extracting 43 HMMs with 10 threads:
[2022-04-21 10:22:55] INFO: Aligning 43 marker genes with 10 threads:
[2022-04-21 10:22:56] INFO: Reading marker alignment files.
[2022-04-21 10:22:56] INFO: Concatenating alignments.
[2022-04-21 10:22:56] INFO: Placing 12 bins into the genome tree with pplacer (be patient).
[2022-04-21 10:26:08] INFO: { Current stage: 0:03:46.226 || Total: 0:03:46.226 }
[2022-04-21 10:26:08] INFO: [CheckM - lineage_set] Inferring lineage-specific marker sets.
[2022-04-21 10:26:08] INFO: Reading HMM info from file.
[2022-04-21 10:26:08] INFO: Parsing HMM hits to marker genes:
[2022-04-21 10:26:08] INFO: Determining marker sets for each genome bin.
[2022-04-21 10:26:10] INFO: Marker set written to: /home/andreak/Genome_Analysis/Genome-Analysis/data/Checkm/D1-SRR4342129_checkm/lineage.ms
[2022-04-21 10:26:10] INFO: { Current stage: 0:00:02.817 || Total: 0:03:49.043 }
[2022-04-21 10:26:10] INFO: [CheckM - analyze] Identifying marker genes in bins.
[2022-04-21 10:26:11] INFO: Identifying marker genes in 12 bins with 10 threads:
[2022-04-21 10:27:56] INFO: Saving HMM info to file.
[2022-04-21 10:27:56] INFO: { Current stage: 0:01:45.907 || Total: 0:05:34.950 }
[2022-04-21 10:27:56] INFO: Parsing HMM hits to marker genes:
[2022-04-21 10:27:58] INFO: Aligning marker genes with multiple hits in a single bin:
[2022-04-21 10:28:04] INFO: { Current stage: 0:00:08.011 || Total: 0:05:42.961 }
[2022-04-21 10:28:04] INFO: Calculating genome statistics for 12 bins with 10 threads:
[2022-04-21 10:28:05] INFO: { Current stage: 0:00:00.514 || Total: 0:05:43.476 }
[2022-04-21 10:28:05] INFO: [CheckM - qa] Tabulating genome statistics.
[2022-04-21 10:28:05] INFO: Calculating AAI between multi-copy marker genes.
[2022-04-21 10:28:05] INFO: Reading HMM info from file.
[2022-04-21 10:28:05] INFO: Parsing HMM hits to marker genes:
[2022-04-21 10:28:07] INFO: { Current stage: 0:00:01.917 || Total: 0:05:45.393 }
[2022-04-21 10:38:16] INFO: CheckM v1.1.3
[2022-04-21 10:38:16] INFO: checkm analyze -t 10 -x fa /home/andreak/Genome_Analysis/Genome-Analysis/data/Checkm/D1-SRR4342129_checkm/lineage.ms /home/andreak/Genome_Analysis/Genome-Analysis/data/Metabat/D1_metabat /home/andreak/Genome_Analysis/Genome-Analysis/data/Checkm/D1-SRR4342129_checkm
[2022-04-21 10:38:16] INFO: [CheckM - analyze] Identifying marker genes in bins.
[2022-04-21 10:38:17] INFO: Identifying marker genes in 12 bins with 10 threads:
[2022-04-21 10:40:06] INFO: Saving HMM info to file.
[2022-04-21 10:40:06] INFO: { Current stage: 0:01:49.870 || Total: 0:01:49.870 }
[2022-04-21 10:40:06] INFO: Parsing HMM hits to marker genes:
[2022-04-21 10:40:08] INFO: Aligning marker genes with multiple hits in a single bin:
[2022-04-21 10:40:13] INFO: { Current stage: 0:00:07.205 || Total: 0:01:57.075 }
[2022-04-21 10:40:13] INFO: Calculating genome statistics for 12 bins with 10 threads:
[2022-04-21 10:40:14] INFO: { Current stage: 0:00:00.493 || Total: 0:01:57.569 }
