Aligning contigs to reference...
	Aligning contigs to the reference
Filtering alignments...
Parsing coords...
Loading reference...
	Loaded [Conexibacter_woesei_Iso977N_NZ_AUKG01000001.1]
	Loaded [Conexibacter_woesei_Iso977N_NZ_AUKG01000002.1]
	Loaded [Conexibacter_woesei_Iso977N_NZ_AUKG01000003.1]
	Loaded [Conexibacter_woesei_Iso977N_NZ_AUKG01000004.1]
	Loaded [Conexibacter_woesei_Iso977N_NZ_AUKG01000005.1]
	Loaded [Conexibacter_woesei_Iso977N_NZ_AUKG01000006.1]
	Loaded [Conexibacter_woesei_Iso977N_NZ_AUKG01000009.1]
	Loaded [Conexibacter_woesei_Iso977N_NZ_AUKG01000010.1]
	Loaded [Conexibacter_woesei_Iso977N_NZ_KE384217.1]
	Total Regions: 9
	Total Region Length: 5695417
Analyzing contigs...
CONTIG: k105_95114 (1613bp)
		This contig is unaligned. (1613 bp)
		Unaligned bases: 1613 (number of Ns: 0)

CONTIG: k105_37856 (7571bp)
		This contig is unaligned. (7571 bp)
		Unaligned bases: 7571 (number of Ns: 0)

CONTIG: k105_45221 (5845bp)
		This contig is unaligned. (5845 bp)
		Unaligned bases: 5845 (number of Ns: 0)

CONTIG: k105_98559 (604bp)
		This contig is unaligned. (604 bp)
		Unaligned bases: 604 (number of Ns: 0)

CONTIG: k105_100766 (19166bp)
Best alignment score: 66.0 (LEN: 69, IDY: 95.65), Total number of alignments: 1
			Looking for the best set of alignments (out of 1 total alignments)
			The best set is below. Score: 66.0, number of alignments: 1, unaligned bases: 19097
		This contig is partially unaligned. (Aligned 69 out of 19166 non-N bases (0.36%))
		Alignment: 1387707 1387775 | 935 867 | 69 69 | 95.65 | Conexibacter_woesei_Iso977N_NZ_AUKG01000002.1 k105_100766
		Unaligned bases: 1 to 866 (866)
		Unaligned bases: 936 to 19166 (18231)

CONTIG: k105_15383 (2806bp)
Best alignment score: 80.0 (LEN: 82, IDY: 97.56), Total number of alignments: 1
			Looking for the best set of alignments (out of 1 total alignments)
			The best set is below. Score: 80.0, number of alignments: 1, unaligned bases: 2724
		This contig is partially unaligned. (Aligned 82 out of 2806 non-N bases (2.92%))
		Alignment: 1388743 1388824 | 99 18 | 82 82 | 97.56 | Conexibacter_woesei_Iso977N_NZ_AUKG01000002.1 k105_15383
		Unaligned bases: 1 to 17 (17)
		Unaligned bases: 100 to 2806 (2707)

CONTIG: k105_108958 (789bp)
		This contig is unaligned. (789 bp)
		Unaligned bases: 789 (number of Ns: 0)

CONTIG: k105_128370 (666bp)
Best alignment score: 97.0 (LEN: 102, IDY: 95.10), Total number of alignments: 1
			Looking for the best set of alignments (out of 1 total alignments)
			The best set is below. Score: 97.0, number of alignments: 1, unaligned bases: 564
		This contig is partially unaligned. (Aligned 102 out of 666 non-N bases (15.32%))
		Alignment: 1392296 1392397 | 1 102 | 102 102 | 95.1 | Conexibacter_woesei_Iso977N_NZ_AUKG01000002.1 k105_128370
		Unaligned bases: 103 to 666 (564)

CONTIG: k105_143969 (36014bp)
		This contig is unaligned. (36014 bp)
		Unaligned bases: 36014 (number of Ns: 0)

CONTIG: k105_54136 (752bp)
Best alignment score: 100.0 (LEN: 105, IDY: 95.24), Total number of alignments: 1
			Looking for the best set of alignments (out of 1 total alignments)
			The best set is below. Score: 100.0, number of alignments: 1, unaligned bases: 647
		This contig is partially unaligned. (Aligned 105 out of 752 non-N bases (13.96%))
		Alignment: 1392293 1392397 | 752 648 | 105 105 | 95.24 | Conexibacter_woesei_Iso977N_NZ_AUKG01000002.1 k105_54136
		Unaligned bases: 1 to 647 (647)

CONTIG: k105_64930 (741bp)
Best alignment score: 96.0 (LEN: 100, IDY: 96.00), Total number of alignments: 1
			Looking for the best set of alignments (out of 1 total alignments)
			The best set is below. Score: 96.0, number of alignments: 1, unaligned bases: 641
		This contig is partially unaligned. (Aligned 100 out of 741 non-N bases (13.50%))
		Alignment: 1392298 1392397 | 741 642 | 100 100 | 96.0 | Conexibacter_woesei_Iso977N_NZ_AUKG01000002.1 k105_64930
		Unaligned bases: 1 to 641 (641)

CONTIG: k105_160951 (605bp)
Best alignment score: 82.0 (LEN: 82, IDY: 100.00), Total number of alignments: 1
			Looking for the best set of alignments (out of 1 total alignments)
			The best set is below. Score: 82.0, number of alignments: 1, unaligned bases: 523
		This contig is partially unaligned. (Aligned 82 out of 605 non-N bases (13.55%))
		Alignment: 1391677 1391758 | 1 82 | 82 82 | 100.0 | Conexibacter_woesei_Iso977N_NZ_AUKG01000002.1 k105_160951
		Unaligned bases: 83 to 605 (523)

CONTIG: k105_67850 (1494bp)
Best alignment score: 76.0 (LEN: 80, IDY: 95.00), Total number of alignments: 1
			Looking for the best set of alignments (out of 1 total alignments)
			The best set is below. Score: 76.0, number of alignments: 1, unaligned bases: 1414
		This contig is partially unaligned. (Aligned 80 out of 1494 non-N bases (5.35%))
		Alignment: 1388751 1388830 | 17 96 | 80 80 | 95.0 | Conexibacter_woesei_Iso977N_NZ_AUKG01000002.1 k105_67850
		Unaligned bases: 1 to 16 (16)
		Unaligned bases: 97 to 1494 (1398)

CONTIG: k105_77970 (593bp)
Best alignment score: 72.0 (LEN: 73, IDY: 98.63), Total number of alignments: 1
			Looking for the best set of alignments (out of 1 total alignments)
			The best set is below. Score: 72.0, number of alignments: 1, unaligned bases: 520
		Alignment: 1388458 1388530 | 415 487 | 73 73 | 98.63 | Conexibacter_woesei_Iso977N_NZ_AUKG01000002.1 k105_77970

CONTIG: k105_173036 (1056bp)
Best alignment score: 94.0 (LEN: 98, IDY: 95.92), Total number of alignments: 1
			Looking for the best set of alignments (out of 1 total alignments)
			The best set is below. Score: 94.0, number of alignments: 1, unaligned bases: 958
		This contig is partially unaligned. (Aligned 98 out of 1056 non-N bases (9.28%))
		Alignment: 1391675 1391772 | 1056 959 | 98 98 | 95.92 | Conexibacter_woesei_Iso977N_NZ_AUKG01000002.1 k105_173036
		Unaligned bases: 1 to 958 (958)

CONTIG: k105_167025 (1028bp)
Best alignment score: 78.0 (LEN: 78, IDY: 100.00), Total number of alignments: 1
			Looking for the best set of alignments (out of 1 total alignments)
			The best set is below. Score: 78.0, number of alignments: 1, unaligned bases: 950
		This contig is partially unaligned. (Aligned 78 out of 1028 non-N bases (7.59%))
		Alignment: 454983 455060 | 858 935 | 78 78 | 100.0 | Conexibacter_woesei_Iso977N_NZ_AUKG01000003.1 k105_167025
		Unaligned bases: 1 to 857 (857)
		Unaligned bases: 936 to 1028 (93)

Analyzing coverage...
Writing SNPs into /home/andreak/Genome_Analysis/Genome-Analysis/data/Metaquast/D3-SRR4342133_metaquast_out/runs_per_reference/Conexibacter_woesei_Iso977N/contigs_reports/minimap_output/final-contigs.used_snps.gz

Analysis is finished!
Founded SNPs were written into /home/andreak/Genome_Analysis/Genome-Analysis/data/Metaquast/D3-SRR4342133_metaquast_out/runs_per_reference/Conexibacter_woesei_Iso977N/contigs_reports/minimap_output/final-contigs.used_snps.gz

Results:
	Local Misassemblies: 0
	Misassemblies: 0
		Relocations: 0
		Translocations: 0
		Inversions: 0
	Scaffold gap extensive misassemblies: 0
	Scaffold gap local misassemblies: 0
	Misassembled Contigs: 0
	Misassembled Contig Bases: 0
	Misassemblies Inter-Contig Overlap: 0
Unaligned Contigs: 6 + 9 part
Half Unaligned Contigs with Misassemblies: 0
Unaligned Contig Bases: 79954

Ambiguously Mapped Contigs: 0
Total Bases in Ambiguously Mapped Contigs: 0
Extra Bases in Ambiguously Mapped Contigs: 0
Note that --allow-ambiguity option was set to "one" and only first alignment per each of these contigs was used.

	Covered Bases: 511

	SNPs: 28
	Insertions: 0
	Deletions: 0

