Aligning contigs to reference...
	Aligning contigs to the reference
Filtering alignments...
Parsing coords...
Loading reference...
	Loaded [endosymbiont_of_Ridgeia_piscesae_NZ_KQ557115.1]
	Loaded [endosymbiont_of_Ridgeia_piscesae_NZ_KQ557116.1]
	Loaded [endosymbiont_of_Ridgeia_piscesae_NZ_KQ557117.1]
	Loaded [endosymbiont_of_Ridgeia_piscesae_NZ_KQ557118.1]
	Loaded [endosymbiont_of_Ridgeia_piscesae_NZ_KQ557119.1]
	Loaded [endosymbiont_of_Ridgeia_piscesae_NZ_KQ557120.1]
	Loaded [endosymbiont_of_Ridgeia_piscesae_NZ_KQ557121.1]
	Loaded [endosymbiont_of_Ridgeia_piscesae_NZ_KQ557122.1]
	Loaded [endosymbiont_of_Ridgeia_piscesae_NZ_KQ557123.1]
	Loaded [endosymbiont_of_Ridgeia_piscesae_NZ_KQ557124.1]
	Loaded [endosymbiont_of_Ridgeia_piscesae_NZ_KQ557125.1]
	Loaded [endosymbiont_of_Ridgeia_piscesae_NZ_KQ557126.1]
	Loaded [endosymbiont_of_Ridgeia_piscesae_NZ_KQ557127.1]
	Loaded [endosymbiont_of_Ridgeia_piscesae_NZ_KQ557128.1]
	Loaded [endosymbiont_of_Ridgeia_piscesae_NZ_KQ557129.1]
	Loaded [endosymbiont_of_Ridgeia_piscesae_NZ_KQ557130.1]
	Loaded [endosymbiont_of_Ridgeia_piscesae_NZ_KQ557131.1]
	Loaded [endosymbiont_of_Ridgeia_piscesae_NZ_KQ557132.1]
	Loaded [endosymbiont_of_Ridgeia_piscesae_NZ_KQ557133.1]
	Loaded [endosymbiont_of_Ridgeia_piscesae_NZ_KQ557134.1]
	Loaded [endosymbiont_of_Ridgeia_piscesae_NZ_KQ557135.1]
	Loaded [endosymbiont_of_Ridgeia_piscesae_NZ_KQ557136.1]
	Loaded [endosymbiont_of_Ridgeia_piscesae_NZ_KQ557137.1]
	Loaded [endosymbiont_of_Ridgeia_piscesae_NZ_KQ557138.1]
	Loaded [endosymbiont_of_Ridgeia_piscesae_NZ_KQ557139.1]
	Loaded [endosymbiont_of_Ridgeia_piscesae_NZ_KQ557140.1]
	Loaded [endosymbiont_of_Ridgeia_piscesae_NZ_KQ557141.1]
	Loaded [endosymbiont_of_Ridgeia_piscesae_NZ_KQ557142.1]
	Loaded [endosymbiont_of_Ridgeia_piscesae_NZ_KQ557143.1]
	Loaded [endosymbiont_of_Ridgeia_piscesae_NZ_KQ557144.1]
	Loaded [endosymbiont_of_Ridgeia_piscesae_NZ_KQ557145.1]
	Loaded [endosymbiont_of_Ridgeia_piscesae_NZ_KQ557146.1]
	Loaded [endosymbiont_of_Ridgeia_piscesae_NZ_KQ557147.1]
	Loaded [endosymbiont_of_Ridgeia_piscesae_NZ_KQ557148.1]
	Loaded [endosymbiont_of_Ridgeia_piscesae_NZ_KQ557149.1]
	Loaded [endosymbiont_of_Ridgeia_piscesae_NZ_KQ557150.1]
	Loaded [endosymbiont_of_Ridgeia_piscesae_NZ_KQ557151.1]
	Loaded [endosymbiont_of_Ridgeia_piscesae_NZ_KQ557152.1]
	Loaded [endosymbiont_of_Ridgeia_piscesae_NZ_KQ557153.1]
	Loaded [endosymbiont_of_Ridgeia_piscesae_NZ_KQ557154.1]
	Loaded [endosymbiont_of_Ridgeia_piscesae_NZ_KQ557155.1]
	Loaded [endosymbiont_of_Ridgeia_piscesae_NZ_KQ557156.1]
	Loaded [endosymbiont_of_Ridgeia_piscesae_NZ_KQ557157.1]
	Loaded [endosymbiont_of_Ridgeia_piscesae_NZ_KQ557158.1]
	Loaded [endosymbiont_of_Ridgeia_piscesae_NZ_KQ557159.1]
	Loaded [endosymbiont_of_Ridgeia_piscesae_NZ_KQ557160.1]
	Loaded [endosymbiont_of_Ridgeia_piscesae_NZ_KQ557161.1]
	Loaded [endosymbiont_of_Ridgeia_piscesae_NZ_KQ557162.1]
	Loaded [endosymbiont_of_Ridgeia_piscesae_NZ_KQ557163.1]
	Loaded [endosymbiont_of_Ridgeia_piscesae_NZ_KQ557164.1]
	Loaded [endosymbiont_of_Ridgeia_piscesae_NZ_KQ557165.1]
	Loaded [endosymbiont_of_Ridgeia_piscesae_NZ_KQ557166.1]
	Loaded [endosymbiont_of_Ridgeia_piscesae_NZ_KQ557167.1]
	Loaded [endosymbiont_of_Ridgeia_piscesae_NZ_KQ557168.1]
	Loaded [endosymbiont_of_Ridgeia_piscesae_NZ_KQ557169.1]
	Loaded [endosymbiont_of_Ridgeia_piscesae_NZ_KQ557170.1]
	Loaded [endosymbiont_of_Ridgeia_piscesae_NZ_KQ557171.1]
	Loaded [endosymbiont_of_Ridgeia_piscesae_NZ_KQ557172.1]
	Loaded [endosymbiont_of_Ridgeia_piscesae_NZ_KQ557173.1]
	Loaded [endosymbiont_of_Ridgeia_piscesae_NZ_KQ557174.1]
	Loaded [endosymbiont_of_Ridgeia_piscesae_NZ_KQ557175.1]
	Loaded [endosymbiont_of_Ridgeia_piscesae_NZ_KQ557176.1]
	Loaded [endosymbiont_of_Ridgeia_piscesae_NZ_KQ557177.1]
	Loaded [endosymbiont_of_Ridgeia_piscesae_NZ_KQ557178.1]
	Loaded [endosymbiont_of_Ridgeia_piscesae_NZ_KQ557179.1]
	Loaded [endosymbiont_of_Ridgeia_piscesae_NZ_KQ557180.1]
	Loaded [endosymbiont_of_Ridgeia_piscesae_NZ_KQ557181.1]
	Loaded [endosymbiont_of_Ridgeia_piscesae_NZ_KQ557182.1]
	Loaded [endosymbiont_of_Ridgeia_piscesae_NZ_KQ557183.1]
	Loaded [endosymbiont_of_Ridgeia_piscesae_NZ_KQ557184.1]
	Loaded [endosymbiont_of_Ridgeia_piscesae_NZ_KQ557185.1]
	Loaded [endosymbiont_of_Ridgeia_piscesae_NZ_KQ557186.1]
	Loaded [endosymbiont_of_Ridgeia_piscesae_NZ_KQ557187.1]
	Loaded [endosymbiont_of_Ridgeia_piscesae_NZ_KQ557188.1]
	Loaded [endosymbiont_of_Ridgeia_piscesae_NZ_KQ557189.1]
	Loaded [endosymbiont_of_Ridgeia_piscesae_NZ_KQ557190.1]
	Loaded [endosymbiont_of_Ridgeia_piscesae_NZ_KQ557191.1]
	Loaded [endosymbiont_of_Ridgeia_piscesae_NZ_KQ557192.1]
	Loaded [endosymbiont_of_Ridgeia_piscesae_NZ_KQ557193.1]
	Loaded [endosymbiont_of_Ridgeia_piscesae_NZ_KQ557194.1]
	Loaded [endosymbiont_of_Ridgeia_piscesae_NZ_KQ557195.1]
	Loaded [endosymbiont_of_Ridgeia_piscesae_NZ_KQ557196.1]
	Loaded [endosymbiont_of_Ridgeia_piscesae_NZ_KQ557197.1]
	Loaded [endosymbiont_of_Ridgeia_piscesae_NZ_KQ557198.1]
	Loaded [endosymbiont_of_Ridgeia_piscesae_NZ_KQ557199.1]
	Loaded [endosymbiont_of_Ridgeia_piscesae_NZ_KQ557200.1]
	Total Regions: 86
	Total Region Length: 3442017
Analyzing contigs...
CONTIG: k105_100995 (1471bp)
Best alignment score: 107.0 (LEN: 112, IDY: 95.54), Total number of alignments: 2
			Looking for the best set of alignments (out of 2 total alignments)
			The best set is below. Score: 211.0, number of alignments: 2, unaligned bases: 1254
		This contig is misassembled.
		This contig is partially unaligned. (Aligned 217 out of 1471 non-N bases (14.75%))
			Warning! This contig is more unaligned than misassembled. Contig length is 1471 (number of Ns: 0) and total length of all aligns is 217
		Alignment: 5658 5769 | 1186 1297 | 112 112 | 95.54 | endosymbiont_of_Ridgeia_piscesae_NZ_KQ557152.1 k105_100995
		Alignment: 5805 5909 | 1347 1451 | 105 105 | 99.05 | endosymbiont_of_Ridgeia_piscesae_NZ_KQ557152.1 k105_100995
		Unaligned bases: 1254

CONTIG: k105_16536 (542bp)
Best alignment score: 183.0 (LEN: 190, IDY: 96.32), Total number of alignments: 1
			Looking for the best set of alignments (out of 1 total alignments)
			The best set is below. Score: 183.0, number of alignments: 1, unaligned bases: 352
		Alignment: 2327 2516 | 353 542 | 190 190 | 96.32 | endosymbiont_of_Ridgeia_piscesae_NZ_KQ557152.1 k105_16536

CONTIG: k105_107024 (608bp)
Best alignment score: 578.0 (LEN: 608, IDY: 95.07), Total number of alignments: 1
		One align captures most of this contig: 5926 6533 | 608 1 | 608 608 | 95.07 | endosymbiont_of_Ridgeia_piscesae_NZ_KQ557152.1 k105_107024

CONTIG: k105_34834 (674bp)
		This contig is unaligned. (674 bp)
		Unaligned bases: 674 (number of Ns: 0)

CONTIG: k105_127214 (1053bp)
Best alignment score: 76.0 (LEN: 76, IDY: 100.00), Total number of alignments: 2
			Looking for the best set of alignments (out of 2 total alignments)
			The best set is below. Score: 145.0, number of alignments: 2, unaligned bases: 906
		This contig is misassembled.
		This contig is partially unaligned. (Aligned 147 out of 1053 non-N bases (13.96%))
			Warning! This contig is more unaligned than misassembled. Contig length is 1053 (number of Ns: 0) and total length of all aligns is 147
		Alignment: 3899 3974 | 974 899 | 76 76 | 100.0 | endosymbiont_of_Ridgeia_piscesae_NZ_KQ557152.1 k105_127214
		Alignment: 3815 3885 | 1053 983 | 71 71 | 97.18 | endosymbiont_of_Ridgeia_piscesae_NZ_KQ557152.1 k105_127214
		Unaligned bases: 906

CONTIG: k105_134848 (905bp)
		This contig is unaligned. (905 bp)
		Unaligned bases: 905 (number of Ns: 0)

CONTIG: k105_136470 (626bp)
Best alignment score: 306.0 (LEN: 321, IDY: 95.33), Total number of alignments: 1
			Looking for the best set of alignments (out of 1 total alignments)
			The best set is below. Score: 306.0, number of alignments: 1, unaligned bases: 305
		Alignment: 5926 6246 | 626 306 | 321 321 | 95.33 | endosymbiont_of_Ridgeia_piscesae_NZ_KQ557152.1 k105_136470

CONTIG: k105_139075 (581bp)
		This contig is unaligned. (581 bp)
		Unaligned bases: 581 (number of Ns: 0)

CONTIG: k105_48273 (13670bp)
Best alignment score: 489.2 (LEN: 514, IDY: 95.18), Total number of alignments: 1
			Looking for the best set of alignments (out of 1 total alignments)
			The best set is below. Score: 489.2, number of alignments: 1, unaligned bases: 13156
		This contig is partially unaligned. (Aligned 514 out of 13670 non-N bases (3.76%))
		Alignment: 6450 6965 | 13670 13157 | 516 514 | 95.18 | endosymbiont_of_Ridgeia_piscesae_NZ_KQ557152.1 k105_48273
		Unaligned bases: 1 to 13156 (13156)

CONTIG: k105_49235 (1678bp)
		This contig is unaligned. (1678 bp)
		Unaligned bases: 1678 (number of Ns: 0)

CONTIG: k105_51407 (74884bp)
Best alignment score: 586.0 (LEN: 608, IDY: 96.38), Total number of alignments: 6
			Looking for the best set of alignments (out of 6 total alignments)
			The best set is below. Score: 989.0, number of alignments: 6, unaligned bases: 73863
		This contig is misassembled.
		This contig is partially unaligned. (Aligned 1021 out of 74884 non-N bases (1.36%))
			Warning! This contig is more unaligned than misassembled. Contig length is 74884 (number of Ns: 0) and total length of all aligns is 1021
		Alignment: 4351 4441 | 932 842 | 91 91 | 95.6 | endosymbiont_of_Ridgeia_piscesae_NZ_KQ557152.1 k105_51407
		Alignment: 3899 3975 | 1353 1277 | 77 77 | 100.0 | endosymbiont_of_Ridgeia_piscesae_NZ_KQ557152.1 k105_51407
		Alignment: 3807 3887 | 1463 1383 | 81 81 | 100.0 | endosymbiont_of_Ridgeia_piscesae_NZ_KQ557152.1 k105_51407
		Alignment: 3615 3705 | 1611 1521 | 91 91 | 96.7 | endosymbiont_of_Ridgeia_piscesae_NZ_KQ557152.1 k105_51407
		Alignment: 3003 3610 | 2221 1614 | 608 608 | 96.38 | endosymbiont_of_Ridgeia_piscesae_NZ_KQ557152.1 k105_51407
		Alignment: 2162 2234 | 3019 2947 | 73 73 | 95.89 | endosymbiont_of_Ridgeia_piscesae_NZ_KQ557152.1 k105_51407
		Unaligned bases: 73863

CONTIG: k105_155106 (603bp)
Best alignment score: 154.0 (LEN: 160, IDY: 96.25), Total number of alignments: 1
			Looking for the best set of alignments (out of 1 total alignments)
			The best set is below. Score: 154.0, number of alignments: 1, unaligned bases: 443
		Alignment: 3003 3162 | 444 603 | 160 160 | 96.25 | endosymbiont_of_Ridgeia_piscesae_NZ_KQ557152.1 k105_155106

CONTIG: k105_161594 (829bp)
Best alignment score: 235.0 (LEN: 245, IDY: 95.92), Total number of alignments: 2
			Looking for the best set of alignments (out of 2 total alignments)
			The best set is below. Score: 377.0, number of alignments: 2, unaligned bases: 435
		This contig is misassembled.
			Warning! This contig is more unaligned than misassembled. Contig length is 829 (number of Ns: 0) and total length of all aligns is 394
		Alignment: 5775 6019 | 245 1 | 245 245 | 95.92 | endosymbiont_of_Ridgeia_piscesae_NZ_KQ557152.1 k105_161594
		Alignment: 5618 5766 | 402 254 | 149 149 | 95.3 | endosymbiont_of_Ridgeia_piscesae_NZ_KQ557152.1 k105_161594
		Unaligned bases: 435

CONTIG: k105_168576 (6214bp)
Best alignment score: 77.0 (LEN: 79, IDY: 97.47), Total number of alignments: 1
			Looking for the best set of alignments (out of 1 total alignments)
			The best set is below. Score: 77.0, number of alignments: 1, unaligned bases: 6135
		This contig is partially unaligned. (Aligned 79 out of 6214 non-N bases (1.27%))
		Alignment: 3808 3886 | 2753 2675 | 79 79 | 97.47 | endosymbiont_of_Ridgeia_piscesae_NZ_KQ557152.1 k105_168576
		Unaligned bases: 1 to 2674 (2674)
		Unaligned bases: 2754 to 6214 (3461)

CONTIG: k105_101063 (3120bp)
Best alignment score: 78.0 (LEN: 78, IDY: 100.00), Total number of alignments: 2
			Looking for the best set of alignments (out of 2 total alignments)
			Skipping redundant alignments after choosing the best set of alignments
		Skipping redundant alignment 10644 10721 | 2905 2828 | 78 78 | 100.0 | endosymbiont_of_Ridgeia_piscesae_NZ_KQ557135.1 k105_101063
		This contig has several significant sets of alignments. [An ambiguously mapped contig]
		Using only the very best set (option --ambiguity-usage is set to "one").
			The best set is below. Score: 78.0, number of alignments: 1, unaligned bases: 3042
		This contig is partially unaligned. (Aligned 78 out of 3120 non-N bases (2.50%))
		Alignment: 10398 10475 | 2905 2828 | 78 78 | 100.0 | endosymbiont_of_Ridgeia_piscesae_NZ_KQ557135.1 k105_101063
		Unaligned bases: 1 to 2827 (2827)
		Unaligned bases: 2906 to 3120 (215)

CONTIG: k105_101316 (8011bp)
Best alignment score: 79.0 (LEN: 79, IDY: 100.00), Total number of alignments: 2
			Looking for the best set of alignments (out of 2 total alignments)
			Skipping redundant alignments after choosing the best set of alignments
		Skipping redundant alignment 10644 10721 | 5846 5769 | 78 78 | 100.0 | endosymbiont_of_Ridgeia_piscesae_NZ_KQ557135.1 k105_101316
			The best set is below. Score: 79.0, number of alignments: 1, unaligned bases: 7932
		This contig is partially unaligned. (Aligned 79 out of 8011 non-N bases (0.99%))
		Alignment: 10398 10476 | 5846 5768 | 79 79 | 100.0 | endosymbiont_of_Ridgeia_piscesae_NZ_KQ557135.1 k105_101316
		Unaligned bases: 1 to 5767 (5767)
		Unaligned bases: 5847 to 8011 (2165)

CONTIG: k105_101789 (697bp)
Best alignment score: 78.0 (LEN: 79, IDY: 98.73), Total number of alignments: 1
			Looking for the best set of alignments (out of 1 total alignments)
			The best set is below. Score: 78.0, number of alignments: 1, unaligned bases: 618
		Alignment: 193610 193688 | 380 458 | 79 79 | 98.73 | endosymbiont_of_Ridgeia_piscesae_NZ_KQ557115.1 k105_101789

CONTIG: k105_171541 (2044bp)
Best alignment score: 76.0 (LEN: 77, IDY: 98.70), Total number of alignments: 1
			Looking for the best set of alignments (out of 1 total alignments)
			The best set is below. Score: 76.0, number of alignments: 1, unaligned bases: 1967
		This contig is partially unaligned. (Aligned 77 out of 2044 non-N bases (3.77%))
		Alignment: 193610 193686 | 427 503 | 77 77 | 98.7 | endosymbiont_of_Ridgeia_piscesae_NZ_KQ557115.1 k105_171541
		Unaligned bases: 1 to 426 (426)
		Unaligned bases: 504 to 2044 (1541)

CONTIG: k105_127384 (13322bp)
Best alignment score: 76.0 (LEN: 78, IDY: 97.44), Total number of alignments: 1
			Looking for the best set of alignments (out of 1 total alignments)
			The best set is below. Score: 76.0, number of alignments: 1, unaligned bases: 13244
		This contig is partially unaligned. (Aligned 78 out of 13322 non-N bases (0.59%))
		Alignment: 31616 31693 | 4347 4270 | 78 78 | 97.44 | endosymbiont_of_Ridgeia_piscesae_NZ_KQ557126.1 k105_127384
		Unaligned bases: 1 to 4269 (4269)
		Unaligned bases: 4348 to 13322 (8975)

CONTIG: k105_136727 (3426bp)
Best alignment score: 91.0 (LEN: 93, IDY: 97.85), Total number of alignments: 1
			Looking for the best set of alignments (out of 1 total alignments)
			The best set is below. Score: 91.0, number of alignments: 1, unaligned bases: 3333
		This contig is partially unaligned. (Aligned 93 out of 3426 non-N bases (2.71%))
		Alignment: 32021 32113 | 1844 1936 | 93 93 | 97.85 | endosymbiont_of_Ridgeia_piscesae_NZ_KQ557126.1 k105_136727
		Unaligned bases: 1 to 1843 (1843)
		Unaligned bases: 1937 to 3426 (1490)

CONTIG: k105_52150 (80552bp)
Best alignment score: 95.0 (LEN: 97, IDY: 97.94), Total number of alignments: 1
			Looking for the best set of alignments (out of 1 total alignments)
			The best set is below. Score: 95.0, number of alignments: 1, unaligned bases: 80455
		This contig is partially unaligned. (Aligned 97 out of 80552 non-N bases (0.12%))
		Alignment: 32020 32116 | 9237 9141 | 97 97 | 97.94 | endosymbiont_of_Ridgeia_piscesae_NZ_KQ557126.1 k105_52150
		Unaligned bases: 1 to 9140 (9140)
		Unaligned bases: 9238 to 80552 (71315)

CONTIG: k105_84641 (4436bp)
Best alignment score: 92.0 (LEN: 94, IDY: 97.87), Total number of alignments: 1
			Looking for the best set of alignments (out of 1 total alignments)
			The best set is below. Score: 92.0, number of alignments: 1, unaligned bases: 4342
		This contig is partially unaligned. (Aligned 94 out of 4436 non-N bases (2.12%))
		Alignment: 32020 32113 | 3114 3207 | 94 94 | 97.87 | endosymbiont_of_Ridgeia_piscesae_NZ_KQ557126.1 k105_84641
		Unaligned bases: 1 to 3113 (3113)
		Unaligned bases: 3208 to 4436 (1229)

CONTIG: k105_47576 (124997bp)
Best alignment score: 87.0 (LEN: 91, IDY: 95.60), Total number of alignments: 1
			Looking for the best set of alignments (out of 1 total alignments)
			The best set is below. Score: 87.0, number of alignments: 1, unaligned bases: 124906
		This contig is partially unaligned. (Aligned 91 out of 124997 non-N bases (0.07%))
		Alignment: 53759 53849 | 62553 62463 | 91 91 | 95.6 | endosymbiont_of_Ridgeia_piscesae_NZ_KQ557131.1 k105_47576
		Unaligned bases: 1 to 62462 (62462)
		Unaligned bases: 62554 to 124997 (62444)

CONTIG: k105_49240 (34809bp)
Best alignment score: 98.0 (LEN: 100, IDY: 98.00), Total number of alignments: 1
			Looking for the best set of alignments (out of 1 total alignments)
			The best set is below. Score: 98.0, number of alignments: 1, unaligned bases: 34709
		This contig is partially unaligned. (Aligned 100 out of 34809 non-N bases (0.29%))
		Alignment: 48645 48744 | 28108 28207 | 100 100 | 98.0 | endosymbiont_of_Ridgeia_piscesae_NZ_KQ557139.1 k105_49240
		Unaligned bases: 1 to 28107 (28107)
		Unaligned bases: 28208 to 34809 (6602)

CONTIG: k105_52818 (15708bp)
Best alignment score: 85.0 (LEN: 85, IDY: 100.00), Total number of alignments: 1
			Looking for the best set of alignments (out of 1 total alignments)
			The best set is below. Score: 85.0, number of alignments: 1, unaligned bases: 15623
		This contig is partially unaligned. (Aligned 85 out of 15708 non-N bases (0.54%))
		Alignment: 15327 15411 | 236 152 | 85 85 | 100.0 | endosymbiont_of_Ridgeia_piscesae_NZ_KQ557137.1 k105_52818
		Unaligned bases: 1 to 151 (151)
		Unaligned bases: 237 to 15708 (15472)

CONTIG: k105_162559 (8733bp)
Best alignment score: 87.0 (LEN: 90, IDY: 96.67), Total number of alignments: 2
			Looking for the best set of alignments (out of 2 total alignments)
			The best set is below. Score: 137.0, number of alignments: 2, unaligned bases: 8566
		This contig is misassembled.
		This contig is partially unaligned. (Aligned 167 out of 8733 non-N bases (1.91%))
			Warning! This contig is more unaligned than misassembled. Contig length is 8733 (number of Ns: 0) and total length of all aligns is 167
		Alignment: 16952 17041 | 7978 7889 | 90 90 | 96.67 | endosymbiont_of_Ridgeia_piscesae_NZ_KQ557137.1 k105_162559
		Alignment: 16714 16790 | 8548 8472 | 77 77 | 96.1 | endosymbiont_of_Ridgeia_piscesae_NZ_KQ557137.1 k105_162559
		Unaligned bases: 8566

CONTIG: k105_151953 (200449bp)
Best alignment score: 76.0 (LEN: 76, IDY: 100.00), Total number of alignments: 2
			Looking for the best set of alignments (out of 2 total alignments)
			Skipping redundant alignments after choosing the best set of alignments
		Skipping redundant alignment 124991 125067 | 142384 142308 | 77 77 | 97.4 | endosymbiont_of_Ridgeia_piscesae_NZ_KQ557118.1 k105_151953
			The best set is below. Score: 76.0, number of alignments: 1, unaligned bases: 200373
		This contig is partially unaligned. (Aligned 76 out of 200449 non-N bases (0.04%))
		Alignment: 121110 121185 | 144908 144833 | 76 76 | 100.0 | endosymbiont_of_Ridgeia_piscesae_NZ_KQ557118.1 k105_151953
		Unaligned bases: 1 to 144832 (144832)
		Unaligned bases: 144909 to 200449 (55541)

CONTIG: k105_59048 (255300bp)
Best alignment score: 79.0 (LEN: 79, IDY: 100.00), Total number of alignments: 1
			Looking for the best set of alignments (out of 1 total alignments)
			The best set is below. Score: 79.0, number of alignments: 1, unaligned bases: 255221
		This contig is partially unaligned. (Aligned 79 out of 255300 non-N bases (0.03%))
		Alignment: 54988 55066 | 27876 27798 | 79 79 | 100.0 | endosymbiont_of_Ridgeia_piscesae_NZ_KQ557133.1 k105_59048
		Unaligned bases: 1 to 27797 (27797)
		Unaligned bases: 27877 to 255300 (227424)

CONTIG: k105_153102 (32249bp)
Best alignment score: 78.0 (LEN: 78, IDY: 100.00), Total number of alignments: 1
			Looking for the best set of alignments (out of 1 total alignments)
			The best set is below. Score: 78.0, number of alignments: 1, unaligned bases: 32171
		This contig is partially unaligned. (Aligned 78 out of 32249 non-N bases (0.24%))
		Alignment: 80488 80565 | 224 301 | 78 78 | 100.0 | endosymbiont_of_Ridgeia_piscesae_NZ_KQ557129.1 k105_153102
		Unaligned bases: 1 to 223 (223)
		Unaligned bases: 302 to 32249 (31948)

CONTIG: k105_77314 (3512bp)
Best alignment score: 77.0 (LEN: 78, IDY: 98.72), Total number of alignments: 1
			Looking for the best set of alignments (out of 1 total alignments)
			The best set is below. Score: 77.0, number of alignments: 1, unaligned bases: 3434
		This contig is partially unaligned. (Aligned 78 out of 3512 non-N bases (2.22%))
		Alignment: 80488 80565 | 888 965 | 78 78 | 98.72 | endosymbiont_of_Ridgeia_piscesae_NZ_KQ557129.1 k105_77314
		Unaligned bases: 1 to 887 (887)
		Unaligned bases: 966 to 3512 (2547)

CONTIG: k105_78390 (47609bp)
Best alignment score: 154.1 (LEN: 162, IDY: 95.12), Total number of alignments: 3
			Looking for the best set of alignments (out of 3 total alignments)
			The best set is below. Score: 283.1, number of alignments: 3, unaligned bases: 47288
		This contig is misassembled.
		This contig is partially unaligned. (Aligned 321 out of 47609 non-N bases (0.67%))
			Warning! This contig is more unaligned than misassembled. Contig length is 47609 (number of Ns: 0) and total length of all aligns is 321
		Alignment: 39365 39525 | 35325 35486 | 161 162 | 95.12 | endosymbiont_of_Ridgeia_piscesae_NZ_KQ557122.1 k105_78390
		Alignment: 39368 39444 | 35596 35672 | 77 77 | 96.1 | endosymbiont_of_Ridgeia_piscesae_NZ_KQ557122.1 k105_78390
		Alignment: 39445 39526 | 35674 35755 | 82 82 | 96.34 | endosymbiont_of_Ridgeia_piscesae_NZ_KQ557122.1 k105_78390
		Unaligned bases: 47288

Analyzing coverage...
Writing SNPs into /home/andreak/Genome_Analysis/Genome-Analysis/data/Metaquast/D3-SRR4342133_metaquast_out/runs_per_reference/endosymbiont_of_Ridgeia_piscesae/contigs_reports/minimap_output/final-contigs.used_snps.gz

Analysis is finished!
Founded SNPs were written into /home/andreak/Genome_Analysis/Genome-Analysis/data/Metaquast/D3-SRR4342133_metaquast_out/runs_per_reference/endosymbiont_of_Ridgeia_piscesae/contigs_reports/minimap_output/final-contigs.used_snps.gz

Results:
	Local Misassemblies: 0
	Misassemblies: 0
		Relocations: 0
		Translocations: 0
		Inversions: 0
	Scaffold gap extensive misassemblies: 0
	Scaffold gap local misassemblies: 0
	Misassembled Contigs: 0
	Misassembled Contig Bases: 0
	Misassemblies Inter-Contig Overlap: 0
Unaligned Contigs: 4 + 21 part
Half Unaligned Contigs with Misassemblies: 6
Unaligned Contig Bases: 935758

Ambiguously Mapped Contigs: 1
Total Bases in Ambiguously Mapped Contigs: 3120
Extra Bases in Ambiguously Mapped Contigs: 0
Note that --allow-ambiguity option was set to "one" and only first alignment per each of these contigs was used.

	Covered Bases: 3725

	SNPs: 166
	Insertions: 6
	Deletions: 7

