/sw/bioinfo/quast/5.0.2/rackham/bin/metaquast.py -o /home/andreak/Genome_Analysis/Genome-Analysis/data/Metaquast/D1-SRR4342129_metaquast_out /home/andreak/Genome_Analysis/Genome-Analysis/data/Megahit/D1-SRR4342129_contigs/final.contigs.fa

Version: 5.0.2

System information:
  OS: Linux-3.10.0-1160.59.1.el7.x86_64-x86_64-with-centos-7.9.2009-Core (linux_64)
  Python version: 3.7.2
  CPUs number: 16

Started: 2022-04-05 16:07:45

Logging to /home/andreak/Genome_Analysis/Genome-Analysis/data/Metaquast/D1-SRR4342129_metaquast_out/metaquast.log
NOTICE: Maximum number of threads is set to 4 (use --threads option to set it manually)

Contigs:
  Pre-processing...
  /home/andreak/Genome_Analysis/Genome-Analysis/data/Megahit/D1-SRR4342129_contigs/final.contigs.fa ==> final.contigs

No references are provided, starting to search for reference genomes in SILVA 16S rRNA database and to download them from NCBI...

2022-04-05 16:07:55
Downloading blast (file: makeblastdb)...
blast successfully downloaded!
Downloading blast (file: blastn)...
blast successfully downloaded!
NOTICE: Permission denied accessing /sw/bioinfo/quast/5.0.2/rackham/lib/python3.7/site-packages/quast_libs/silva. Silva will be downloaded to home directory /home/andreak/.quast

Downloading SILVA 16S ribosomal RNA gene database...
Processing downloaded file. Logging to /home/andreak/.quast/silva/blastdb.log...
Unpacking and replacing " " with "_"...
gunzip -c /home/andreak/.quast/silva/SILVA_123_SSURef_Nr99_tax_silva.fasta.gz > /home/andreak/.quast/silva/SILVA_123_SSURef_Nr99_tax_silva.fasta.unpacked \
2>> /home/andreak/.quast/silva/blastdb.log
Making BLAST database...
/home/andreak/.quast/blast/makeblastdb -in /home/andreak/.quast/silva/SILVA_123_SSURef_Nr99_tax_silva.fasta \
-dbtype nucl -out /home/andreak/.quast/silva/silva.123.db >> /home/andreak/.quast/silva/blastdb.log \
2>> /home/andreak/.quast/silva/blastdb.log
Running BlastN..
  processing final.contigs
/home/andreak/.quast/blast/blastn -query /home/andreak/Genome_Analysis/Genome-Analysis/data/Megahit/D1-SRR4342129_contigs/final.contigs.fa \
-db /home/andreak/.quast/silva/silva.123.db -outfmt 7 -num_threads 4 > /home/andreak/Genome_Analysis/Genome-Analysis/data/Metaquast/D1-SRR4342129_metaquast_out/quast_downloaded_references/blast.res_final-contigs \
2>> /home/andreak/Genome_Analysis/Genome-Analysis/data/Metaquast/D1-SRR4342129_metaquast_out/quast_downloaded_references/blast.err
  BLAST results for final.contigs are saved to /home/andreak/Genome_Analysis/Genome-Analysis/data/Metaquast/D1-SRR4342129_metaquast_out/quast_downloaded_references/blast.res_final-contigs...


2022-04-05 16:24:55
Trying to download found references from NCBI. Totally 50 organisms to try.
  unidentified_marine_bacterioplankton                                      | not found in the NCBI database
  unidentified_marine_bacterioplankton was not found in NCBI database, trying to download the next best match
  Streptomyces_cyaneogriseus_subsp._noncyanogenus                           | successfully downloaded (total 1, 49 more to go)
  proteobacterium_symbiont_of_Osedax_sp._MB3                                | not found in the NCBI database
  proteobacterium_symbiont_of_Osedax_sp._MB3 was not found in NCBI database, trying to download the next best match
  Pseudomonas_mohnii                                                        | successfully downloaded (total 2, 48 more to go)
  marine_metagenome                                                         | successfully downloaded (total 3, 47 more to go)
  marine_gamma_proteobacterium_HTCC2080                                     | successfully downloaded (total 4, 46 more to go)
  marine_bacterium_NAMAF003                                                 | not found in the NCBI database
  marine_bacterium_NAMAF003 was not found in NCBI database, trying to download the next best match
  Lishizhenia_caseinilytica                                                 | not found in the NCBI database
  Lishizhenia_caseinilytica was not found in NCBI database, trying to download the next best match
  Weeksella_virosa_DSM_16922                                                | successfully downloaded (total 5, 45 more to go)
  magnetic_coccus_MP17                                                      | not found in the NCBI database
  magnetic_coccus_MP17 was not found in NCBI database, trying to download the next best match
  Aurantimonas_manganoxydans_SI85-9A1                                       | successfully downloaded (total 6, 44 more to go)
  heterotrophic_extracellular_symbiont_BG-C2_of_Benthomodiolus_geikotsucola | not found in the NCBI database
  heterotrophic_extracellular_symbiont_BG-C2_of_Benthomodiolus_geikotsucola was not found in NCBI database, trying to download the next best match
  Arenicella_chitinivorans                                                  | successfully downloaded (total 7, 43 more to go)
  gamma_proteobacterium_SCGC_AB-629-P17                                     | successfully downloaded (total 8, 42 more to go)
  endosymbiont_of_Ridgeia_piscesae                                          | successfully downloaded (total 9, 41 more to go)
  denitrifying_bacterium_enrichment_culture_clone_NOB_2_C9                  | not found in the NCBI database
  denitrifying_bacterium_enrichment_culture_clone_NOB_2_C9 was not found in NCBI database, trying to download the next best match
  Desulfocurvus_vexinensis                                                  | successfully downloaded (total 10, 40 more to go)
  bacterium_symbiont_of_Idas_sp                                             | not found in the NCBI database
  bacterium_symbiont_of_Idas_sp was not found in NCBI database, trying to download the next best match
  Formosa_algae                                                             | successfully downloaded (total 11, 39 more to go)
  bacterium_rJ7                                                             | not found in the NCBI database
  bacterium_rJ7 was not found in NCBI database, trying to download the next best match
  bacterium_rJ14                                                            | not found in the NCBI database
  bacterium_rJ14 was not found in NCBI database, trying to download the next best match
  actinobacterium_GP-6                                                      | not found in the NCBI database
  actinobacterium_GP-6 was not found in NCBI database, trying to download the next best match
  Actinomycetales_bacterium_GP-5                                            | not found in the NCBI database
  bacterium_endosymbiont_of_Abyssogena_southwardae                          | not found in the NCBI database
  bacterium_endosymbiont_of_Abyssogena_southwardae was not found in NCBI database, trying to download the next best match
  bacterium_enrichment_culture_clone_M114                                   | not found in the NCBI database
  bacterium_enrichment_culture_clone_M114 was not found in NCBI database, trying to download the next best match
  bacterium_enrichment_culture_clone_58                                     | not found in the NCBI database
  bacterium_K2-75                                                           | not found in the NCBI database
  bacterium_K2-75 was not found in NCBI database, trying to download the next best match
  Nisaea_denitrificans_DSM_18348                                            | successfully downloaded (total 12, 36 more to go)
  bacterium_DG890                                                           | not found in the NCBI database
  bacterium_DG890 was not found in NCBI database, trying to download the next best match
  Owenweeksia_hongkongensis_DSM_17368                                       | successfully downloaded (total 13, 35 more to go)
  bacterium_D78                                                             | not found in the NCBI database
  bacterium_D78 was not found in NCBI database, trying to download the next best match
  Oceanibaculum_pacificum                                                   | successfully downloaded (total 14, 34 more to go)
  alpha_proteobacterium_SCGC_AAA015-O19                                     | successfully downloaded (total 15, 33 more to go)
  Zymomonas_mobilis                                                         | successfully downloaded (total 16, 32 more to go)
  Vibrio_sinaloensis                                                        | successfully downloaded (total 17, 31 more to go)
  Vesicomya_sp._mt-II_symbiont                                              | not found in the NCBI database
  Vesicomya_sp._mt-II_symbiont was not found in NCBI database, trying to download the next best match
  Calyptogena_sp._Florida_gill_symbiont                                     | not found in the NCBI database
  Calyptogena_sp._Florida_gill_symbiont was not found in NCBI database, trying to download the next best match
  Calyptogena_fossajaponica_gill_thioautotophic_symbiont                    | not found in the NCBI database
  Verrucomicrobia_bacterium_WY51                                            | not found in the NCBI database
  Verrucomicrobia_bacterium_WY51 was not found in NCBI database, trying to download the next best match
  Haloferula_harenae                                                        | not found in the NCBI database
  Haloferula_harenae was not found in NCBI database, trying to download the next best match
  Haloferula_phyci                                                          | not found in the NCBI database
  Haloferula_phyci was not found in NCBI database, trying to download the next best match
  Verrucomicrobium_sp._KLE1210                                              | not found in the NCBI database
  Ureaplasma_sp._ES2783-GEN                                                 | not found in the NCBI database
  Uncultured_Pseudospirillum_sp                                             | not found in the NCBI database
  Uncultured_Pseudospirillum_sp was not found in NCBI database, trying to download the next best match
  Haliea_sp._ETY-M                                                          | not found in the NCBI database
  Thiodictyon_elegans                                                       | not found in the NCBI database
  Thiodictyon_elegans was not found in NCBI database, trying to download the next best match
  Thiodictyon_bacillosum                                                    | not found in the NCBI database
  Thiodictyon_bacillosum was not found in NCBI database, trying to download the next best match
  Pseudoalteromonas_tunicata_D2                                             | successfully downloaded (total 18, 26 more to go)
  Thioalkalivibrio_sulfidiphilus_HL-EbGr7                                   | successfully downloaded (total 19, 25 more to go)
  Thermoplasmatales_archaeon_A-plasma                                       | successfully downloaded (total 20, 24 more to go)
  Thalassobaculum_salexigens_DSM_19539                                      | successfully downloaded (total 21, 23 more to go)
  Syntrophus_aciditrophicus                                                 | successfully downloaded (total 22, 22 more to go)
  Synechococcus_sp._RCC307                                                  | successfully downloaded (total 23, 21 more to go)
  Synechococcus_sp._KORDI-49                                                | successfully downloaded (total 24, 20 more to go)
  Spongiibacter_tropicus_DSM_19543                                          | successfully downloaded (total 25, 19 more to go)
  Sphingobium_sp._GR1                                                       | not found in the NCBI database
  Sphingobium_sp._GR1 was not found in NCBI database, trying to download the next best match
  Sphingobium_sp._FL24                                                      | not found in the NCBI database
  Sphingobium_sp._FL24 was not found in NCBI database, trying to download the next best match
  Sphingobium_sp._IT-4                                                      | not found in the NCBI database
  Sphingobium_sp._IT-4 was not found in NCBI database, trying to download the next best match
  Sphingobium_czechense_LL01                                                | successfully downloaded (total 26, 18 more to go)
  Shewanella_amazonensis_SB2B                                               | successfully downloaded (total 27, 17 more to go)
  Serratia_symbiotica                                                       | successfully downloaded (total 28, 16 more to go)
  Ruegeria_sp._enrichment_culture_clone_KSE55-3                             | not found in the NCBI database
  Ruegeria_sp._enrichment_culture_clone_KSE55-3 was not found in NCBI database, trying to download the next best match
  Thalassobacter_sp._W-2-2                                                  | not found in the NCBI database
  Thalassobacter_sp._W-2-2 was not found in NCBI database, trying to download the next best match
  Tateyamaria_sp._ANG-S1                                                    | successfully downloaded (total 29, 15 more to go)
  Roseibacterium_elongatum_DSM_19469                                        | successfully downloaded (total 30, 14 more to go)
  Rhodobacteraceae_bacterium_HIMB11                                         | successfully downloaded (total 31, 13 more to go)
  Puniceicoccus_vermicola                                                   | successfully downloaded (total 32, 12 more to go)
  Psychroserpens_sp._PAMC_27130                                             | successfully downloaded (total 33, 11 more to go)
  Pseudohongiella_spirulinae                                                | successfully downloaded (total 34, 10 more to go)
  Pseudoalteromonas_atlantica_T6c                                           | successfully downloaded (total 35, 9 more to go)
  Prosthecobacter_debontii                                                  | successfully downloaded (total 36, 8 more to go)
  Porticoccus_hydrocarbonoclasticus_MCTG13d                                 | successfully downloaded (total 37, 7 more to go)
  Polaribacter_sp._KYW_601                                                  | not found in the NCBI database
  Polaribacter_sp._KYW_601 was not found in NCBI database, trying to download the next best match
  Polaribacter_sp._KYW612                                                   | not found in the NCBI database
  Polaribacter_sp._KYW612 was not found in NCBI database, trying to download the next best match
  Polaribacter_sp._SM1202                                                   | not found in the NCBI database
  Polaribacter_sp._SM1202 was not found in NCBI database, trying to download the next best match
  Polaribacter_sp._USW115                                                   | not found in the NCBI database
  Planctomyces_maris_DSM_8797                                               | successfully downloaded (total 38, 5 more to go)
  Pirellula_sp                                                              | not found in the NCBI database
  Pirellula_sp was not found in NCBI database, trying to download the next best match
  Blastopirellula_marina                                                    | successfully downloaded (total 39, 4 more to go)
  Photobacterium_halotolerans                                               | successfully downloaded (total 40, 3 more to go)
  Pelagicoccus_croceus                                                      | not found in the NCBI database
  Pelagicoccus_croceus was not found in NCBI database, trying to download the next best match
  marine_bacterium_RS.Sph.002                                               | not found in the NCBI database
  marine_bacterium_RS.Sph.002 was not found in NCBI database, trying to download the next best match
  Pelagicoccus_mobilis                                                      | successfully downloaded (total 41, 2 more to go)
  Pararhodospirillum_sulfurexigens                                          | not found in the NCBI database
  Pararhodospirillum_sulfurexigens was not found in NCBI database, trying to download the next best match
  Rhodothalassium_salexigens                                                | successfully downloaded (total 42, 1 more to go)
  Paenibacillus_sp._SJH06                                                   | not found in the NCBI database
  Paenibacillus_sp._SJH06 was not found in NCBI database, trying to download the next best match
  Dehalobacter_restrictus_DSM_9455                                          | successfully downloaded (total 43, 0 more to go)

Downloaded reference(s):
  /home/andreak/Genome_Analysis/Genome-Analysis/data/Metaquast/D1-SRR4342129_metaquast_out/quast_downloaded_references/Arenicella_chitinivorans.fasta ==> Arenicella_chitinivorans
  /home/andreak/Genome_Analysis/Genome-Analysis/data/Metaquast/D1-SRR4342129_metaquast_out/quast_downloaded_references/Aurantimonas_manganoxydans_SI85_9A1.fasta ==> Aurantimonas_manganoxydans_SI85_9A1
  /home/andreak/Genome_Analysis/Genome-Analysis/data/Metaquast/D1-SRR4342129_metaquast_out/quast_downloaded_references/Blastopirellula_marina.fasta ==> Blastopirellula_marina
  /home/andreak/Genome_Analysis/Genome-Analysis/data/Metaquast/D1-SRR4342129_metaquast_out/quast_downloaded_references/Dehalobacter_restrictus_DSM_9455.fasta ==> Dehalobacter_restrictus_DSM_9455
  /home/andreak/Genome_Analysis/Genome-Analysis/data/Metaquast/D1-SRR4342129_metaquast_out/quast_downloaded_references/Desulfocurvus_vexinensis.fasta ==> Desulfocurvus_vexinensis
  /home/andreak/Genome_Analysis/Genome-Analysis/data/Metaquast/D1-SRR4342129_metaquast_out/quast_downloaded_references/Formosa_algae.fasta ==> Formosa_algae
  /home/andreak/Genome_Analysis/Genome-Analysis/data/Metaquast/D1-SRR4342129_metaquast_out/quast_downloaded_references/Nisaea_denitrificans_DSM_18348.fasta ==> Nisaea_denitrificans_DSM_18348
  /home/andreak/Genome_Analysis/Genome-Analysis/data/Metaquast/D1-SRR4342129_metaquast_out/quast_downloaded_references/Oceanibaculum_pacificum.fasta ==> Oceanibaculum_pacificum
  /home/andreak/Genome_Analysis/Genome-Analysis/data/Metaquast/D1-SRR4342129_metaquast_out/quast_downloaded_references/Owenweeksia_hongkongensis_DSM_17368.fasta ==> Owenweeksia_hongkongensis_DSM_17368
  /home/andreak/Genome_Analysis/Genome-Analysis/data/Metaquast/D1-SRR4342129_metaquast_out/quast_downloaded_references/Pelagicoccus_mobilis.fasta ==> Pelagicoccus_mobilis
  /home/andreak/Genome_Analysis/Genome-Analysis/data/Metaquast/D1-SRR4342129_metaquast_out/quast_downloaded_references/Photobacterium_halotolerans.fasta ==> Photobacterium_halotolerans
  /home/andreak/Genome_Analysis/Genome-Analysis/data/Metaquast/D1-SRR4342129_metaquast_out/quast_downloaded_references/Planctomyces_maris_DSM_8797.fasta ==> Planctomyces_maris_DSM_8797
  /home/andreak/Genome_Analysis/Genome-Analysis/data/Metaquast/D1-SRR4342129_metaquast_out/quast_downloaded_references/Porticoccus_hydrocarbonoclasticus_MCTG13d.fasta ==> Porticoccus_hydrocarbonoclasticus_MCTG13d
  /home/andreak/Genome_Analysis/Genome-Analysis/data/Metaquast/D1-SRR4342129_metaquast_out/quast_downloaded_references/Prosthecobacter_debontii.fasta ==> Prosthecobacter_debontii
  /home/andreak/Genome_Analysis/Genome-Analysis/data/Metaquast/D1-SRR4342129_metaquast_out/quast_downloaded_references/Pseudoalteromonas_atlantica_T6c.fasta ==> Pseudoalteromonas_atlantica_T6c
  /home/andreak/Genome_Analysis/Genome-Analysis/data/Metaquast/D1-SRR4342129_metaquast_out/quast_downloaded_references/Pseudoalteromonas_tunicata_D2.fasta ==> Pseudoalteromonas_tunicata_D2
  /home/andreak/Genome_Analysis/Genome-Analysis/data/Metaquast/D1-SRR4342129_metaquast_out/quast_downloaded_references/Pseudohongiella_spirulinae.fasta ==> Pseudohongiella_spirulinae
  /home/andreak/Genome_Analysis/Genome-Analysis/data/Metaquast/D1-SRR4342129_metaquast_out/quast_downloaded_references/Pseudomonas_mohnii.fasta ==> Pseudomonas_mohnii
  /home/andreak/Genome_Analysis/Genome-Analysis/data/Metaquast/D1-SRR4342129_metaquast_out/quast_downloaded_references/Psychroserpens_sp._PAMC_27130.fasta ==> Psychroserpens_sp._PAMC_27130
  /home/andreak/Genome_Analysis/Genome-Analysis/data/Metaquast/D1-SRR4342129_metaquast_out/quast_downloaded_references/Puniceicoccus_vermicola.fasta ==> Puniceicoccus_vermicola
  /home/andreak/Genome_Analysis/Genome-Analysis/data/Metaquast/D1-SRR4342129_metaquast_out/quast_downloaded_references/Rhodobacteraceae_bacterium_HIMB11.fasta ==> Rhodobacteraceae_bacterium_HIMB11
  /home/andreak/Genome_Analysis/Genome-Analysis/data/Metaquast/D1-SRR4342129_metaquast_out/quast_downloaded_references/Rhodothalassium_salexigens.fasta ==> Rhodothalassium_salexigens
  /home/andreak/Genome_Analysis/Genome-Analysis/data/Metaquast/D1-SRR4342129_metaquast_out/quast_downloaded_references/Roseibacterium_elongatum_DSM_19469.fasta ==> Roseibacterium_elongatum_DSM_19469
  /home/andreak/Genome_Analysis/Genome-Analysis/data/Metaquast/D1-SRR4342129_metaquast_out/quast_downloaded_references/Serratia_symbiotica.fasta ==> Serratia_symbiotica
  /home/andreak/Genome_Analysis/Genome-Analysis/data/Metaquast/D1-SRR4342129_metaquast_out/quast_downloaded_references/Shewanella_amazonensis_SB2B.fasta ==> Shewanella_amazonensis_SB2B
  /home/andreak/Genome_Analysis/Genome-Analysis/data/Metaquast/D1-SRR4342129_metaquast_out/quast_downloaded_references/Sphingobium_czechense_LL01.fasta ==> Sphingobium_czechense_LL01
  /home/andreak/Genome_Analysis/Genome-Analysis/data/Metaquast/D1-SRR4342129_metaquast_out/quast_downloaded_references/Spongiibacter_tropicus_DSM_19543.fasta ==> Spongiibacter_tropicus_DSM_19543
  /home/andreak/Genome_Analysis/Genome-Analysis/data/Metaquast/D1-SRR4342129_metaquast_out/quast_downloaded_references/Streptomyces_cyaneogriseus_subsp._noncyanogenus.fasta ==> Streptomyces_cyaneogriseus_subsp._noncyanogenus
  /home/andreak/Genome_Analysis/Genome-Analysis/data/Metaquast/D1-SRR4342129_metaquast_out/quast_downloaded_references/Synechococcus_sp._KORDI_49.fasta ==> Synechococcus_sp._KORDI_49
  /home/andreak/Genome_Analysis/Genome-Analysis/data/Metaquast/D1-SRR4342129_metaquast_out/quast_downloaded_references/Synechococcus_sp._RCC307.fasta ==> Synechococcus_sp._RCC307
  /home/andreak/Genome_Analysis/Genome-Analysis/data/Metaquast/D1-SRR4342129_metaquast_out/quast_downloaded_references/Syntrophus_aciditrophicus.fasta ==> Syntrophus_aciditrophicus
  /home/andreak/Genome_Analysis/Genome-Analysis/data/Metaquast/D1-SRR4342129_metaquast_out/quast_downloaded_references/Tateyamaria_sp._ANG_S1.fasta ==> Tateyamaria_sp._ANG_S1
  /home/andreak/Genome_Analysis/Genome-Analysis/data/Metaquast/D1-SRR4342129_metaquast_out/quast_downloaded_references/Thalassobaculum_salexigens_DSM_19539.fasta ==> Thalassobaculum_salexigens_DSM_19539
  /home/andreak/Genome_Analysis/Genome-Analysis/data/Metaquast/D1-SRR4342129_metaquast_out/quast_downloaded_references/Thermoplasmatales_archaeon_A_plasma.fasta ==> Thermoplasmatales_archaeon_A_plasma
  /home/andreak/Genome_Analysis/Genome-Analysis/data/Metaquast/D1-SRR4342129_metaquast_out/quast_downloaded_references/Thioalkalivibrio_sulfidiphilus_HL_EbGr7.fasta ==> Thioalkalivibrio_sulfidiphilus_HL_EbGr7
  /home/andreak/Genome_Analysis/Genome-Analysis/data/Metaquast/D1-SRR4342129_metaquast_out/quast_downloaded_references/Vibrio_sinaloensis.fasta ==> Vibrio_sinaloensis
  /home/andreak/Genome_Analysis/Genome-Analysis/data/Metaquast/D1-SRR4342129_metaquast_out/quast_downloaded_references/Weeksella_virosa_DSM_16922.fasta ==> Weeksella_virosa_DSM_16922
  /home/andreak/Genome_Analysis/Genome-Analysis/data/Metaquast/D1-SRR4342129_metaquast_out/quast_downloaded_references/Zymomonas_mobilis.fasta ==> Zymomonas_mobilis
  /home/andreak/Genome_Analysis/Genome-Analysis/data/Metaquast/D1-SRR4342129_metaquast_out/quast_downloaded_references/alpha_proteobacterium_SCGC_AAA015_O19.fasta ==> alpha_proteobacterium_SCGC_AAA015_O19
  /home/andreak/Genome_Analysis/Genome-Analysis/data/Metaquast/D1-SRR4342129_metaquast_out/quast_downloaded_references/endosymbiont_of_Ridgeia_piscesae.fasta ==> endosymbiont_of_Ridgeia_piscesae
  /home/andreak/Genome_Analysis/Genome-Analysis/data/Metaquast/D1-SRR4342129_metaquast_out/quast_downloaded_references/gamma_proteobacterium_SCGC_AB_629_P17.fasta ==> gamma_proteobacterium_SCGC_AB_629_P17
  /home/andreak/Genome_Analysis/Genome-Analysis/data/Metaquast/D1-SRR4342129_metaquast_out/quast_downloaded_references/marine_gamma_proteobacterium_HTCC2080.fasta ==> marine_gamma_proteobacterium_HTCC2080
  /home/andreak/Genome_Analysis/Genome-Analysis/data/Metaquast/D1-SRR4342129_metaquast_out/quast_downloaded_references/marine_metagenome.fasta ==> marine_metagenome
  All references were combined in combined_reference.fasta

Starting quast.py for the combined reference...
(logging to /home/andreak/Genome_Analysis/Genome-Analysis/data/Metaquast/D1-SRR4342129_metaquast_out/combined_reference/quast.log)

Excluding downloaded references with low genome fraction from further analysis..

Filtered reference(s):
  /home/andreak/Genome_Analysis/Genome-Analysis/data/Metaquast/D1-SRR4342129_metaquast_out/quast_downloaded_references/Synechococcus_sp._RCC307.fasta ==> Synechococcus_sp._RCC307
  All references were combined in combined_reference.fasta

Starting quast.py for the corrected combined reference...
(logging to /home/andreak/Genome_Analysis/Genome-Analysis/data/Metaquast/D1-SRR4342129_metaquast_out/combined_reference/quast.log)

Partitioning contigs into bins aligned to each reference..
  processing final.contigs

Starting quast.py for the contigs aligned to Synechococcus_sp._RCC307... (logging to /home/andreak/Genome_Analysis/Genome-Analysis/data/Metaquast/D1-SRR4342129_metaquast_out/runs_per_reference/Synechococcus_sp._RCC307/quast.log)

Starting quast.py for the contigs not aligned anywhere... (logging to /home/andreak/Genome_Analysis/Genome-Analysis/data/Metaquast/D1-SRR4342129_metaquast_out/not_aligned/quast.log)

2022-04-05 17:08:03
Summarizing results...
  Drawing # contigs metaQUAST summary plot...
    saved to /home/andreak/Genome_Analysis/Genome-Analysis/data/Metaquast/D1-SRR4342129_metaquast_out/summary/PDF/num_contigs.pdf
  Drawing Largest contig metaQUAST summary plot...
    saved to /home/andreak/Genome_Analysis/Genome-Analysis/data/Metaquast/D1-SRR4342129_metaquast_out/summary/PDF/Largest_contig.pdf
  Drawing Total length metaQUAST summary plot...
    saved to /home/andreak/Genome_Analysis/Genome-Analysis/data/Metaquast/D1-SRR4342129_metaquast_out/summary/PDF/Total_length.pdf
  Drawing Largest alignment metaQUAST summary plot...
    saved to /home/andreak/Genome_Analysis/Genome-Analysis/data/Metaquast/D1-SRR4342129_metaquast_out/summary/PDF/Largest_alignment.pdf
  Drawing Total aligned length metaQUAST summary plot...
    saved to /home/andreak/Genome_Analysis/Genome-Analysis/data/Metaquast/D1-SRR4342129_metaquast_out/summary/PDF/Total_aligned_length.pdf
  Drawing Total length (>= 1000 bp) metaQUAST summary plot...
    saved to /home/andreak/Genome_Analysis/Genome-Analysis/data/Metaquast/D1-SRR4342129_metaquast_out/summary/PDF/Total_length_(ge_1000_bp).pdf
  Drawing Total length (>= 10000 bp) metaQUAST summary plot...
    saved to /home/andreak/Genome_Analysis/Genome-Analysis/data/Metaquast/D1-SRR4342129_metaquast_out/summary/PDF/Total_length_(ge_10000_bp).pdf
  Drawing Total length (>= 50000 bp) metaQUAST summary plot...
    saved to /home/andreak/Genome_Analysis/Genome-Analysis/data/Metaquast/D1-SRR4342129_metaquast_out/summary/PDF/Total_length_(ge_50000_bp).pdf
  Drawing # misassemblies metaQUAST summary plot...
    saved to /home/andreak/Genome_Analysis/Genome-Analysis/data/Metaquast/D1-SRR4342129_metaquast_out/summary/PDF/num_misassemblies.pdf
  Drawing metaQUAST summary misassemblies plot for final.contigs...
    saved to /home/andreak/Genome_Analysis/Genome-Analysis/data/Metaquast/D1-SRR4342129_metaquast_out/summary/PDF/final-contigs_misassemblies.pdf
  Drawing Misassembled contigs length metaQUAST summary plot...
    saved to /home/andreak/Genome_Analysis/Genome-Analysis/data/Metaquast/D1-SRR4342129_metaquast_out/summary/PDF/Misassembled_contigs_length.pdf
  Drawing # mismatches per 100 kbp metaQUAST summary plot...
    saved to /home/andreak/Genome_Analysis/Genome-Analysis/data/Metaquast/D1-SRR4342129_metaquast_out/summary/PDF/num_mismatches_per_100_kbp.pdf
  Drawing # indels per 100 kbp metaQUAST summary plot...
    saved to /home/andreak/Genome_Analysis/Genome-Analysis/data/Metaquast/D1-SRR4342129_metaquast_out/summary/PDF/num_indels_per_100_kbp.pdf
  Drawing # N's per 100 kbp metaQUAST summary plot...
    saved to /home/andreak/Genome_Analysis/Genome-Analysis/data/Metaquast/D1-SRR4342129_metaquast_out/summary/PDF/num_Ns_per_100_kbp.pdf
  Drawing Genome fraction (%) metaQUAST summary plot...
    saved to /home/andreak/Genome_Analysis/Genome-Analysis/data/Metaquast/D1-SRR4342129_metaquast_out/summary/PDF/Genome_fraction.pdf
  Drawing Duplication ratio metaQUAST summary plot...
    saved to /home/andreak/Genome_Analysis/Genome-Analysis/data/Metaquast/D1-SRR4342129_metaquast_out/summary/PDF/Duplication_ratio.pdf
  Drawing NGA50 metaQUAST summary plot...
    saved to /home/andreak/Genome_Analysis/Genome-Analysis/data/Metaquast/D1-SRR4342129_metaquast_out/summary/PDF/NGA50.pdf
  Drawing LGA50 metaQUAST summary plot...
    saved to /home/andreak/Genome_Analysis/Genome-Analysis/data/Metaquast/D1-SRR4342129_metaquast_out/summary/PDF/LGA50.pdf

  Text versions of reports and plots for each metric (for all references and assemblies) are saved to /home/andreak/Genome_Analysis/Genome-Analysis/data/Metaquast/D1-SRR4342129_metaquast_out/summary/
  Icarus (contig browser) is saved to /home/andreak/Genome_Analysis/Genome-Analysis/data/Metaquast/D1-SRR4342129_metaquast_out/icarus.html
  Drawing interactive Krona plots...
  Krona chart for final.contigs is saved to /home/andreak/Genome_Analysis/Genome-Analysis/data/Metaquast/D1-SRR4342129_metaquast_out/krona_charts/final.contigs_taxonomy_chart.html
  Extended version of HTML-report (for all references and assemblies) is saved to /home/andreak/Genome_Analysis/Genome-Analysis/data/Metaquast/D1-SRR4342129_metaquast_out/report.html

MetaQUAST finished.
  Log is saved to /home/andreak/Genome_Analysis/Genome-Analysis/data/Metaquast/D1-SRR4342129_metaquast_out/metaquast.log

Finished: 2022-04-05 17:08:07
Elapsed time: 1:00:21.177848
Total NOTICEs: 11; WARNINGs: 1; non-fatal ERRORs: 0

Thank you for using QUAST!
