/sw/bioinfo/quast/5.0.2/rackham/bin/quast.py --colors #E31A1C --ls solid --no-check-meta --contig-thresholds 1000,5000,10000,25000,50000 --memory-efficient -t 1 /home/andreak/Genome_Analysis/Genome-Analysis/data/Metaquast/D3-SRR4342133_metaquast_out/quast_corrected_input/final-contigs_to_Mollicutes_bacterium_HR1.fasta -R /home/andreak/Genome_Analysis/Genome-Analysis/data/Metaquast/D3-SRR4342133_metaquast_out/quast_corrected_input/Mollicutes_bacterium_HR1.fasta -o /home/andreak/Genome_Analysis/Genome-Analysis/data/Metaquast/D3-SRR4342133_metaquast_out/runs_per_reference/Mollicutes_bacterium_HR1 --labels final.contigs

Started: 2022-04-05 17:48:36

Logging to /home/andreak/Genome_Analysis/Genome-Analysis/data/Metaquast/D3-SRR4342133_metaquast_out/runs_per_reference/Mollicutes_bacterium_HR1/quast.log

CWD: /domus/h1/andreak/Genome_Analysis/Genome-Analysis/code
Main parameters: 
  MODE: meta, threads: 1, minimum contig length: 500, minimum alignment length: 65, ambiguity: one, \
  threshold for extensive misassembly size: 1000

Reference:
  /home/andreak/Genome_Analysis/Genome-Analysis/data/Metaquast/D3-SRR4342133_metaquast_out/quast_corrected_input/Mollicutes_bacterium_HR1.fasta ==> Mollicutes_bacterium_HR1

Contigs:
  Pre-processing...
  /home/andreak/Genome_Analysis/Genome-Analysis/data/Metaquast/D3-SRR4342133_metaquast_out/quast_corrected_input/final-contigs_to_Mollicutes_bacterium_HR1.fasta ==> final.contigs

2022-04-05 17:48:36
Running Basic statistics processor...
  Reference genome:
    Mollicutes_bacterium_HR1.fasta, length = 1878735, num fragments = 1, GC % = 31.34
  Contig files: 
    final.contigs
  Calculating N50 and L50...
    final.contigs, N50 = 554, L50 = 1, Total length = 554, GC % = 49.46, # N's per 100 kbp =  0.00
  Drawing Nx plot...
    saved to /home/andreak/Genome_Analysis/Genome-Analysis/data/Metaquast/D3-SRR4342133_metaquast_out/runs_per_reference/Mollicutes_bacterium_HR1/basic_stats/Nx_plot.pdf
  Drawing NGx plot...
    saved to /home/andreak/Genome_Analysis/Genome-Analysis/data/Metaquast/D3-SRR4342133_metaquast_out/runs_per_reference/Mollicutes_bacterium_HR1/basic_stats/NGx_plot.pdf
  Drawing cumulative plot...
    saved to /home/andreak/Genome_Analysis/Genome-Analysis/data/Metaquast/D3-SRR4342133_metaquast_out/runs_per_reference/Mollicutes_bacterium_HR1/basic_stats/cumulative_plot.pdf
  Drawing GC content plot...
    saved to /home/andreak/Genome_Analysis/Genome-Analysis/data/Metaquast/D3-SRR4342133_metaquast_out/runs_per_reference/Mollicutes_bacterium_HR1/basic_stats/GC_content_plot.pdf
  Drawing final.contigs GC content plot...
    saved to /home/andreak/Genome_Analysis/Genome-Analysis/data/Metaquast/D3-SRR4342133_metaquast_out/runs_per_reference/Mollicutes_bacterium_HR1/basic_stats/final.contigs_GC_content_plot.pdf
Done.

2022-04-05 17:48:40
Running Contig analyzer...
  final.contigs
  Logging to files /home/andreak/Genome_Analysis/Genome-Analysis/data/Metaquast/D3-SRR4342133_metaquast_out/runs_per_reference/Mollicutes_bacterium_HR1/contigs_reports/contigs_report_final-contigs.stdout and contigs_report_final-contigs.stderr...
  Aligning contigs to the reference
  /sw/bioinfo/quast/5.0.2/rackham/lib/python3.7/site-packages/quast_libs/minimap2/minimap2 \
  -c -x asm5 -B5 -O4,16 --no-long-join -r 85 -N 50 -s 65 -z 200 --mask-level 0.9 --min-occ \
  200 -g 2500 --score-N 2 --cs -t 1 /home/andreak/Genome_Analysis/Genome-Analysis/data/Metaquast/D3-SRR4342133_metaquast_out/quast_corrected_input/Mollicutes_bacterium_HR1.fasta \
  /home/andreak/Genome_Analysis/Genome-Analysis/data/Metaquast/D3-SRR4342133_metaquast_out/quast_corrected_input/final-contigs_to_Mollicutes_bacterium_HR1.fasta \
  > /home/andreak/Genome_Analysis/Genome-Analysis/data/Metaquast/D3-SRR4342133_metaquast_out/runs_per_reference/Mollicutes_bacterium_HR1/contigs_reports/minimap_output/final-contigs.coords_tmp \
  2>> /home/andreak/Genome_Analysis/Genome-Analysis/data/Metaquast/D3-SRR4342133_metaquast_out/runs_per_reference/Mollicutes_bacterium_HR1/contigs_reports/contigs_report_final-contigs.stderr
  Analysis is finished.

Failed aligning the contigs for all the assemblies. Only basic stats are going to be evaluated.

NOTICE: Genes are not predicted by default. Use --gene-finding or --glimmer option to enable it.

2022-04-05 17:48:41
Creating large visual summaries...
This may take a while: press Ctrl-C to skip this step..
  1 of 2: Creating Icarus viewers...
  2 of 2: Creating PDF with all tables and plots...
Done

2022-04-05 17:48:43
RESULTS:
  Text versions of total report are saved to /home/andreak/Genome_Analysis/Genome-Analysis/data/Metaquast/D3-SRR4342133_metaquast_out/runs_per_reference/Mollicutes_bacterium_HR1/report.txt, report.tsv, and report.tex
  Text versions of transposed total report are saved to /home/andreak/Genome_Analysis/Genome-Analysis/data/Metaquast/D3-SRR4342133_metaquast_out/runs_per_reference/Mollicutes_bacterium_HR1/transposed_report.txt, transposed_report.tsv, and transposed_report.tex
  HTML version (interactive tables and plots) is saved to /home/andreak/Genome_Analysis/Genome-Analysis/data/Metaquast/D3-SRR4342133_metaquast_out/runs_per_reference/Mollicutes_bacterium_HR1/report.html
  PDF version (tables and plots) is saved to /home/andreak/Genome_Analysis/Genome-Analysis/data/Metaquast/D3-SRR4342133_metaquast_out/runs_per_reference/Mollicutes_bacterium_HR1/report.pdf
  Icarus (contig browser) is saved to /home/andreak/Genome_Analysis/Genome-Analysis/data/Metaquast/D3-SRR4342133_metaquast_out/runs_per_reference/Mollicutes_bacterium_HR1/icarus.html
