Aligning contigs to reference...
	Aligning contigs to the reference
Filtering alignments...
Parsing coords...
Loading reference...
	Loaded [Thioalkalivibrio_sp._ALJ17_NC_011901.1]
	Total Regions: 1
	Total Region Length: 3464554
Analyzing contigs...
CONTIG: k105_88931 (780bp)
Best alignment score: 85.0 (LEN: 89, IDY: 95.51), Total number of alignments: 2
			Looking for the best set of alignments (out of 2 total alignments)
			Skipping redundant alignments after choosing the best set of alignments
		Skipping redundant alignment 2461610 2461698 | 521 433 | 89 89 | 95.51 | Thioalkalivibrio_sp._ALJ17_NC_011901.1 k105_88931
		This contig has several significant sets of alignments. [An ambiguously mapped contig]
		Using only the very best set (option --ambiguity-usage is set to "one").
			The best set is below. Score: 85.0, number of alignments: 1, unaligned bases: 691
		Alignment: 2445120 2445208 | 521 433 | 89 89 | 95.51 | Thioalkalivibrio_sp._ALJ17_NC_011901.1 k105_88931

CONTIG: k105_6676 (603bp)
Best alignment score: 101.0 (LEN: 105, IDY: 96.19), Total number of alignments: 1
			Looking for the best set of alignments (out of 1 total alignments)
			The best set is below. Score: 101.0, number of alignments: 1, unaligned bases: 498
		Alignment: 2549400 2549504 | 88 192 | 105 105 | 96.19 | Thioalkalivibrio_sp._ALJ17_NC_011901.1 k105_6676

CONTIG: k105_99062 (1377bp)
Best alignment score: 71.0 (LEN: 74, IDY: 95.95), Total number of alignments: 1
			Looking for the best set of alignments (out of 1 total alignments)
			The best set is below. Score: 71.0, number of alignments: 1, unaligned bases: 1303
		This contig is partially unaligned. (Aligned 74 out of 1377 non-N bases (5.37%))
		Alignment: 2545532 2545605 | 460 533 | 74 74 | 95.95 | Thioalkalivibrio_sp._ALJ17_NC_011901.1 k105_99062
		Unaligned bases: 1 to 459 (459)
		Unaligned bases: 534 to 1377 (844)

CONTIG: k105_15598 (1135bp)
Best alignment score: 77.0 (LEN: 77, IDY: 100.00), Total number of alignments: 1
			Looking for the best set of alignments (out of 1 total alignments)
			The best set is below. Score: 77.0, number of alignments: 1, unaligned bases: 1058
		This contig is partially unaligned. (Aligned 77 out of 1135 non-N bases (6.78%))
		Alignment: 2928126 2928202 | 997 921 | 77 77 | 100.0 | Thioalkalivibrio_sp._ALJ17_NC_011901.1 k105_15598
		Unaligned bases: 1 to 920 (920)
		Unaligned bases: 998 to 1135 (138)

CONTIG: k105_108718 (24405bp)
Best alignment score: 83.0 (LEN: 83, IDY: 100.00), Total number of alignments: 1
			Looking for the best set of alignments (out of 1 total alignments)
			The best set is below. Score: 83.0, number of alignments: 1, unaligned bases: 24322
		This contig is partially unaligned. (Aligned 83 out of 24405 non-N bases (0.34%))
		Alignment: 976262 976344 | 11662 11580 | 83 83 | 100.0 | Thioalkalivibrio_sp._ALJ17_NC_011901.1 k105_108718
		Unaligned bases: 1 to 11579 (11579)
		Unaligned bases: 11663 to 24405 (12743)

CONTIG: k105_108958 (789bp)
Best alignment score: 104.0 (LEN: 106, IDY: 98.11), Total number of alignments: 1
			Looking for the best set of alignments (out of 1 total alignments)
			The best set is below. Score: 104.0, number of alignments: 1, unaligned bases: 683
		This contig is partially unaligned. (Aligned 106 out of 789 non-N bases (13.43%))
		Alignment: 2549399 2549504 | 1 106 | 106 106 | 98.11 | Thioalkalivibrio_sp._ALJ17_NC_011901.1 k105_108958
		Unaligned bases: 107 to 789 (683)

CONTIG: k105_112594 (577bp)
Best alignment score: 115.1 (LEN: 119, IDY: 96.69), Total number of alignments: 1
			Looking for the best set of alignments (out of 1 total alignments)
			The best set is below. Score: 115.1, number of alignments: 1, unaligned bases: 458
		Alignment: 2545829 2545949 | 577 459 | 121 119 | 96.69 | Thioalkalivibrio_sp._ALJ17_NC_011901.1 k105_112594

CONTIG: k105_113532 (515bp)
Best alignment score: 183.0 (LEN: 190, IDY: 96.32), Total number of alignments: 1
			Looking for the best set of alignments (out of 1 total alignments)
			The best set is below. Score: 183.0, number of alignments: 1, unaligned bases: 325
		Alignment: 2545103 2545292 | 326 515 | 190 190 | 96.32 | Thioalkalivibrio_sp._ALJ17_NC_011901.1 k105_113532

CONTIG: k105_28649 (1282bp)
Best alignment score: 82.0 (LEN: 83, IDY: 98.80), Total number of alignments: 1
			Looking for the best set of alignments (out of 1 total alignments)
			The best set is below. Score: 82.0, number of alignments: 1, unaligned bases: 1199
		This contig is partially unaligned. (Aligned 83 out of 1282 non-N bases (6.47%))
		Alignment: 976262 976344 | 1136 1218 | 83 83 | 98.8 | Thioalkalivibrio_sp._ALJ17_NC_011901.1 k105_28649
		Unaligned bases: 1 to 1135 (1135)
		Unaligned bases: 1219 to 1282 (64)

CONTIG: k105_125217 (1965bp)
Best alignment score: 75.0 (LEN: 77, IDY: 97.40), Total number of alignments: 1
			Looking for the best set of alignments (out of 1 total alignments)
			The best set is below. Score: 75.0, number of alignments: 1, unaligned bases: 1888
		This contig is partially unaligned. (Aligned 77 out of 1965 non-N bases (3.92%))
		Alignment: 2548668 2548744 | 1160 1084 | 77 77 | 97.4 | Thioalkalivibrio_sp._ALJ17_NC_011901.1 k105_125217
		Unaligned bases: 1 to 1083 (1083)
		Unaligned bases: 1161 to 1965 (805)

CONTIG: k105_38878 (871bp)
		This contig is unaligned. (871 bp)
		Unaligned bases: 871 (number of Ns: 0)

CONTIG: k105_130067 (1536bp)
Best alignment score: 75.0 (LEN: 77, IDY: 97.40), Total number of alignments: 1
			Looking for the best set of alignments (out of 1 total alignments)
			The best set is below. Score: 75.0, number of alignments: 1, unaligned bases: 1459
		This contig is partially unaligned. (Aligned 77 out of 1536 non-N bases (5.01%))
		Alignment: 1015433 1015509 | 266 342 | 77 77 | 97.4 | Thioalkalivibrio_sp._ALJ17_NC_011901.1 k105_130067
		Unaligned bases: 1 to 265 (265)
		Unaligned bases: 343 to 1536 (1194)

CONTIG: k105_41217 (841bp)
Best alignment score: 74.0 (LEN: 76, IDY: 97.37), Total number of alignments: 1
			Looking for the best set of alignments (out of 1 total alignments)
			The best set is below. Score: 74.0, number of alignments: 1, unaligned bases: 765
		Alignment: 2547919 2547994 | 428 503 | 76 76 | 97.37 | Thioalkalivibrio_sp._ALJ17_NC_011901.1 k105_41217

CONTIG: k105_42376 (901bp)
Best alignment score: 78.0 (LEN: 82, IDY: 95.12), Total number of alignments: 1
			Looking for the best set of alignments (out of 1 total alignments)
			The best set is below. Score: 78.0, number of alignments: 1, unaligned bases: 819
		This contig is partially unaligned. (Aligned 82 out of 901 non-N bases (9.10%))
		Alignment: 2548246 2548327 | 257 338 | 82 82 | 95.12 | Thioalkalivibrio_sp._ALJ17_NC_011901.1 k105_42376
		Unaligned bases: 1 to 256 (256)
		Unaligned bases: 339 to 901 (563)

CONTIG: k105_48549 (33683bp)
Best alignment score: 83.0 (LEN: 83, IDY: 100.00), Total number of alignments: 1
			Looking for the best set of alignments (out of 1 total alignments)
			The best set is below. Score: 83.0, number of alignments: 1, unaligned bases: 33600
		This contig is partially unaligned. (Aligned 83 out of 33683 non-N bases (0.25%))
		Alignment: 976262 976344 | 16586 16668 | 83 83 | 100.0 | Thioalkalivibrio_sp._ALJ17_NC_011901.1 k105_48549
		Unaligned bases: 1 to 16585 (16585)
		Unaligned bases: 16669 to 33683 (17015)

CONTIG: k105_140857 (1865bp)
Best alignment score: 79.0 (LEN: 80, IDY: 98.75), Total number of alignments: 1
			Looking for the best set of alignments (out of 1 total alignments)
			The best set is below. Score: 79.0, number of alignments: 1, unaligned bases: 1785
		This contig is partially unaligned. (Aligned 80 out of 1865 non-N bases (4.29%))
		Alignment: 1015536 1015615 | 1214 1135 | 80 80 | 98.75 | Thioalkalivibrio_sp._ALJ17_NC_011901.1 k105_140857
		Unaligned bases: 1 to 1134 (1134)
		Unaligned bases: 1215 to 1865 (651)

CONTIG: k105_51332 (758bp)
Best alignment score: 163.0 (LEN: 171, IDY: 95.32), Total number of alignments: 1
			Looking for the best set of alignments (out of 1 total alignments)
			The best set is below. Score: 163.0, number of alignments: 1, unaligned bases: 587
		This contig is partially unaligned. (Aligned 171 out of 758 non-N bases (22.56%))
		Alignment: 2547166 2547336 | 171 1 | 171 171 | 95.32 | Thioalkalivibrio_sp._ALJ17_NC_011901.1 k105_51332
		Unaligned bases: 172 to 758 (587)

CONTIG: k105_55022 (838bp)
Best alignment score: 84.0 (LEN: 86, IDY: 97.67), Total number of alignments: 1
			Looking for the best set of alignments (out of 1 total alignments)
			The best set is below. Score: 84.0, number of alignments: 1, unaligned bases: 752
		Alignment: 401812 401897 | 435 520 | 86 86 | 97.67 | Thioalkalivibrio_sp._ALJ17_NC_011901.1 k105_55022

CONTIG: k105_56995 (628bp)
Best alignment score: 85.0 (LEN: 89, IDY: 95.51), Total number of alignments: 1
			Looking for the best set of alignments (out of 1 total alignments)
			The best set is below. Score: 85.0, number of alignments: 1, unaligned bases: 539
		Alignment: 2548656 2548744 | 139 51 | 89 89 | 95.51 | Thioalkalivibrio_sp._ALJ17_NC_011901.1 k105_56995

CONTIG: k105_58936 (792bp)
Best alignment score: 73.0 (LEN: 74, IDY: 98.65), Total number of alignments: 1
			Looking for the best set of alignments (out of 1 total alignments)
			The best set is below. Score: 73.0, number of alignments: 1, unaligned bases: 718
		Alignment: 2462113 2462186 | 567 494 | 74 74 | 98.65 | Thioalkalivibrio_sp._ALJ17_NC_011901.1 k105_58936

CONTIG: k105_59678 (266140bp)
Best alignment score: 103.0 (LEN: 108, IDY: 95.37), Total number of alignments: 1
			Looking for the best set of alignments (out of 1 total alignments)
			The best set is below. Score: 103.0, number of alignments: 1, unaligned bases: 266032
		This contig is partially unaligned. (Aligned 108 out of 266140 non-N bases (0.04%))
		Alignment: 1076352 1076459 | 140089 139982 | 108 108 | 95.37 | Thioalkalivibrio_sp._ALJ17_NC_011901.1 k105_59678
		Unaligned bases: 1 to 139981 (139981)
		Unaligned bases: 140090 to 266140 (126051)

CONTIG: k105_82166 (598bp)
Best alignment score: 535.1 (LEN: 561, IDY: 95.38), Total number of alignments: 1
			Looking for the best set of alignments (out of 1 total alignments)
			The best set is below. Score: 535.1, number of alignments: 1, unaligned bases: 37
		Alignment: 2548545 2549107 | 598 38 | 563 561 | 95.38 | Thioalkalivibrio_sp._ALJ17_NC_011901.1 k105_82166

Analyzing coverage...
Writing SNPs into /home/andreak/Genome_Analysis/Genome-Analysis/data/Metaquast/D3-SRR4342133_metaquast_out/runs_per_reference/Thioalkalivibrio_sp._ALJ17/contigs_reports/minimap_output/final-contigs.used_snps.gz

Analysis is finished!
Founded SNPs were written into /home/andreak/Genome_Analysis/Genome-Analysis/data/Metaquast/D3-SRR4342133_metaquast_out/runs_per_reference/Thioalkalivibrio_sp._ALJ17/contigs_reports/minimap_output/final-contigs.used_snps.gz

Results:
	Local Misassemblies: 0
	Misassemblies: 0
		Relocations: 0
		Translocations: 0
		Inversions: 0
	Scaffold gap extensive misassemblies: 0
	Scaffold gap local misassemblies: 0
	Misassembled Contigs: 0
	Misassembled Contig Bases: 0
	Misassemblies Inter-Contig Overlap: 0
Unaligned Contigs: 1 + 12 part
Half Unaligned Contigs with Misassemblies: 0
Unaligned Contig Bases: 335606

Ambiguously Mapped Contigs: 1
Total Bases in Ambiguously Mapped Contigs: 780
Extra Bases in Ambiguously Mapped Contigs: 0
Note that --allow-ambiguity option was set to "one" and only first alignment per each of these contigs was used.

	Covered Bases: 2057

	SNPs: 78
	Insertions: 0
	Deletions: 4

