[2022-03-30 16:04:13,492] multiqc                                            [DEBUG  ]  This is MultiQC v1.12
[2022-03-30 16:04:13,493] multiqc                                            [DEBUG  ]  No MultiQC config found: /sw/bioinfo/MultiQC/1.12/rackham/lib/python3.8/site-packages/multiqc_config.yaml
[2022-03-30 16:04:13,493] multiqc                                            [DEBUG  ]  No MultiQC config found: /home/andreak/.multiqc_config.yaml
[2022-03-30 16:04:13,493] multiqc                                            [DEBUG  ]  No MultiQC config found: multiqc_config.yaml
[2022-03-30 16:04:13,493] multiqc                                            [DEBUG  ]  Command used: /sw/bioinfo/MultiQC/1.12/rackham/bin/multiqc .
[2022-03-30 16:04:13,745] multiqc                                            [DEBUG  ]  Latest MultiQC version is v1.12
[2022-03-30 16:04:13,745] multiqc                                            [DEBUG  ]  Command     : /sw/bioinfo/MultiQC/1.12/rackham/bin/multiqc .
[2022-03-30 16:04:13,745] multiqc                                            [DEBUG  ]  Working dir : /domus/h1/andreak/Genome_Analysis/Genome-Analysis/data
[2022-03-30 16:04:13,745] multiqc                                            [DEBUG  ]  Template    : default
[2022-03-30 16:04:13,745] multiqc                                            [DEBUG  ]  Running Python 3.8.7 (default, Feb  1 2021, 11:54:01)  [GCC 8.3.0]
[2022-03-30 16:04:13,746] multiqc                                            [DEBUG  ]  Analysing modules: custom_content, ccs, ngsderive, purple, conpair, lima, peddy, somalier, methylQA, mosdepth, phantompeakqualtools, qualimap, preseq, quast, qorts, rna_seqc, rockhopper, rsem, rseqc, busco, bustools, goleft_indexcov, gffcompare, disambiguate, supernova, deeptools, sargasso, verifybamid, mirtrace, happy, mirtop, sambamba, homer, hops, macs2, theta2, snpeff, gatk, htseq, bcftools, featureCounts, fgbio, dragen, dedup, pbmarkdup, damageprofiler, biobambam2, jcvi, mtnucratio, picard, vep, sentieon, prokka, qc3C, nanostat, samblaster, samtools, sexdeterrmine, eigenstratdatabasetools, bamtools, jellyfish, vcftools, longranger, stacks, varscan2, snippy, bbmap, bismark, biscuit, hicexplorer, hicup, hicpro, salmon, kallisto, slamdunk, star, hisat2, tophat, bowtie2, bowtie1, snpsplit, odgi, pangolin, kat, leehom, adapterRemoval, clipandmerge, cutadapt, flexbar, kaiju, kraken, malt, trimmomatic, sickle, skewer, sortmerna, biobloomtools, fastq_screen, afterqc, fastp, fastqc, pychopper, pycoqc, minionqc, multivcfanalyzer, clusterflow, checkqc, bcl2fastq, bclconvert, interop, ivar, flash, seqyclean, optitype, whatshap
[2022-03-30 16:04:13,746] multiqc                                            [DEBUG  ]  Using temporary directory for creating report: /scratch/tmpvxlwvo2w
[2022-03-30 16:04:13,905] multiqc                                            [INFO   ]  Search path : /domus/h1/andreak/Genome_Analysis/Genome-Analysis/data
[2022-03-30 16:04:13,987] multiqc                                            [DEBUG  ]  Ignoring file as matched an ignore pattern: RNA_trim_37.left_paired.trimmed.fastq.gz
[2022-03-30 16:04:13,987] multiqc                                            [DEBUG  ]  Ignoring file as matched an ignore pattern: RNA_trim_37.left_unpaired.trimmed.fastq.gz
[2022-03-30 16:04:13,987] multiqc                                            [DEBUG  ]  Ignoring file as matched an ignore pattern: RNA_trim_37.right_paired.trimmed.fastq.gz
[2022-03-30 16:04:13,988] multiqc                                            [DEBUG  ]  Ignoring file as matched an ignore pattern: RNA_trim_37.right_unpaired.trimmed.fastq.gz
[2022-03-30 16:04:13,988] multiqc                                            [DEBUG  ]  Ignoring file as matched an ignore pattern: RNA_trim_39.left_paired.trimmed.fastq.gz
[2022-03-30 16:04:13,988] multiqc                                            [DEBUG  ]  Ignoring file as matched an ignore pattern: RNA_trim_39.left_unpaired.trimmed.fastq.gz
[2022-03-30 16:04:13,988] multiqc                                            [DEBUG  ]  Ignoring file as matched an ignore pattern: RNA_trim_39.right_paired.trimmed.fastq.gz
[2022-03-30 16:04:13,989] multiqc                                            [DEBUG  ]  Ignoring file as matched an ignore pattern: RNA_trim_39.right_unpaired.trimmed.fastq.gz
[2022-03-30 16:04:13,998] multiqc                                            [DEBUG  ]  File ignored by ccs/v4 because it exceeded search pattern filesize limit: SRR4342129_1.paired.trimmed_fastqc.html
[2022-03-30 16:04:14,002] multiqc                                            [DEBUG  ]  File ignored by hicexplorer because it exceeded search pattern filesize limit: SRR4342129_1.paired.trimmed_fastqc.html
[2022-03-30 16:04:14,003] multiqc                                            [DEBUG  ]  File ignored by lima/summary because it exceeded search pattern filesize limit: SRR4342129_1.paired.trimmed_fastqc.html
[2022-03-30 16:04:14,011] multiqc                                            [DEBUG  ]  File ignored by vep/vep_txt because it exceeded search pattern filesize limit: SRR4342129_1.paired.trimmed_fastqc.html
[2022-03-30 16:04:14,011] multiqc                                            [DEBUG  ]  File ignored by longranger/invocation because it exceeded search pattern filesize limit: SRR4342129_1.paired.trimmed_fastqc.html
[2022-03-30 16:04:14,061] multiqc                                            [DEBUG  ]  File ignored by nanostat because it exceeded search pattern filesize limit: SRR4342129_1.paired.trimmed_fastqc.html
[2022-03-30 16:04:14,074] multiqc                                            [DEBUG  ]  File ignored by ccs/v4 because it exceeded search pattern filesize limit: SRR4342129_2.paired.trimmed_fastqc.html
[2022-03-30 16:04:14,078] multiqc                                            [DEBUG  ]  File ignored by hicexplorer because it exceeded search pattern filesize limit: SRR4342129_2.paired.trimmed_fastqc.html
[2022-03-30 16:04:14,078] multiqc                                            [DEBUG  ]  File ignored by lima/summary because it exceeded search pattern filesize limit: SRR4342129_2.paired.trimmed_fastqc.html
[2022-03-30 16:04:14,086] multiqc                                            [DEBUG  ]  File ignored by vep/vep_txt because it exceeded search pattern filesize limit: SRR4342129_2.paired.trimmed_fastqc.html
[2022-03-30 16:04:14,086] multiqc                                            [DEBUG  ]  File ignored by longranger/invocation because it exceeded search pattern filesize limit: SRR4342129_2.paired.trimmed_fastqc.html
[2022-03-30 16:04:14,137] multiqc                                            [DEBUG  ]  File ignored by nanostat because it exceeded search pattern filesize limit: SRR4342129_2.paired.trimmed_fastqc.html
[2022-03-30 16:04:14,151] multiqc                                            [DEBUG  ]  File ignored by ccs/v4 because it exceeded search pattern filesize limit: SRR4342133_1.paired.trimmed_fastqc.html
[2022-03-30 16:04:14,155] multiqc                                            [DEBUG  ]  File ignored by hicexplorer because it exceeded search pattern filesize limit: SRR4342133_1.paired.trimmed_fastqc.html
[2022-03-30 16:04:14,155] multiqc                                            [DEBUG  ]  File ignored by lima/summary because it exceeded search pattern filesize limit: SRR4342133_1.paired.trimmed_fastqc.html
[2022-03-30 16:04:14,163] multiqc                                            [DEBUG  ]  File ignored by vep/vep_txt because it exceeded search pattern filesize limit: SRR4342133_1.paired.trimmed_fastqc.html
[2022-03-30 16:04:14,163] multiqc                                            [DEBUG  ]  File ignored by longranger/invocation because it exceeded search pattern filesize limit: SRR4342133_1.paired.trimmed_fastqc.html
[2022-03-30 16:04:14,208] multiqc                                            [DEBUG  ]  File ignored by nanostat because it exceeded search pattern filesize limit: SRR4342133_1.paired.trimmed_fastqc.html
[2022-03-30 16:04:14,220] multiqc                                            [DEBUG  ]  File ignored by ccs/v4 because it exceeded search pattern filesize limit: SRR4342133_2.paired.trimmed_fastqc.html
[2022-03-30 16:04:14,224] multiqc                                            [DEBUG  ]  File ignored by hicexplorer because it exceeded search pattern filesize limit: SRR4342133_2.paired.trimmed_fastqc.html
[2022-03-30 16:04:14,225] multiqc                                            [DEBUG  ]  File ignored by lima/summary because it exceeded search pattern filesize limit: SRR4342133_2.paired.trimmed_fastqc.html
[2022-03-30 16:04:14,238] multiqc                                            [DEBUG  ]  File ignored by vep/vep_txt because it exceeded search pattern filesize limit: SRR4342133_2.paired.trimmed_fastqc.html
[2022-03-30 16:04:14,238] multiqc                                            [DEBUG  ]  File ignored by longranger/invocation because it exceeded search pattern filesize limit: SRR4342133_2.paired.trimmed_fastqc.html
[2022-03-30 16:04:14,283] multiqc                                            [DEBUG  ]  File ignored by nanostat because it exceeded search pattern filesize limit: SRR4342133_2.paired.trimmed_fastqc.html
[2022-03-30 16:04:14,296] multiqc                                            [DEBUG  ]  File ignored by ccs/v4 because it exceeded search pattern filesize limit: SRR4342137.1_fastqc.html
[2022-03-30 16:04:14,299] multiqc                                            [DEBUG  ]  File ignored by hicexplorer because it exceeded search pattern filesize limit: SRR4342137.1_fastqc.html
[2022-03-30 16:04:14,300] multiqc                                            [DEBUG  ]  File ignored by lima/summary because it exceeded search pattern filesize limit: SRR4342137.1_fastqc.html
[2022-03-30 16:04:14,307] multiqc                                            [DEBUG  ]  File ignored by vep/vep_txt because it exceeded search pattern filesize limit: SRR4342137.1_fastqc.html
[2022-03-30 16:04:14,308] multiqc                                            [DEBUG  ]  File ignored by longranger/invocation because it exceeded search pattern filesize limit: SRR4342137.1_fastqc.html
[2022-03-30 16:04:14,365] multiqc                                            [DEBUG  ]  File ignored by nanostat because it exceeded search pattern filesize limit: SRR4342137.1_fastqc.html
[2022-03-30 16:04:14,378] multiqc                                            [DEBUG  ]  File ignored by ccs/v4 because it exceeded search pattern filesize limit: SRR4342137.2_fastqc.html
[2022-03-30 16:04:14,382] multiqc                                            [DEBUG  ]  File ignored by hicexplorer because it exceeded search pattern filesize limit: SRR4342137.2_fastqc.html
[2022-03-30 16:04:14,383] multiqc                                            [DEBUG  ]  File ignored by lima/summary because it exceeded search pattern filesize limit: SRR4342137.2_fastqc.html
[2022-03-30 16:04:14,390] multiqc                                            [DEBUG  ]  File ignored by vep/vep_txt because it exceeded search pattern filesize limit: SRR4342137.2_fastqc.html
[2022-03-30 16:04:14,391] multiqc                                            [DEBUG  ]  File ignored by longranger/invocation because it exceeded search pattern filesize limit: SRR4342137.2_fastqc.html
[2022-03-30 16:04:14,446] multiqc                                            [DEBUG  ]  File ignored by nanostat because it exceeded search pattern filesize limit: SRR4342137.2_fastqc.html
[2022-03-30 16:04:14,459] multiqc                                            [DEBUG  ]  File ignored by ccs/v4 because it exceeded search pattern filesize limit: SRR4342139.1_fastqc.html
[2022-03-30 16:04:14,463] multiqc                                            [DEBUG  ]  File ignored by hicexplorer because it exceeded search pattern filesize limit: SRR4342139.1_fastqc.html
[2022-03-30 16:04:14,464] multiqc                                            [DEBUG  ]  File ignored by lima/summary because it exceeded search pattern filesize limit: SRR4342139.1_fastqc.html
[2022-03-30 16:04:14,472] multiqc                                            [DEBUG  ]  File ignored by vep/vep_txt because it exceeded search pattern filesize limit: SRR4342139.1_fastqc.html
[2022-03-30 16:04:14,472] multiqc                                            [DEBUG  ]  File ignored by longranger/invocation because it exceeded search pattern filesize limit: SRR4342139.1_fastqc.html
[2022-03-30 16:04:14,524] multiqc                                            [DEBUG  ]  File ignored by nanostat because it exceeded search pattern filesize limit: SRR4342139.1_fastqc.html
[2022-03-30 16:04:14,538] multiqc                                            [DEBUG  ]  File ignored by ccs/v4 because it exceeded search pattern filesize limit: SRR4342139.2_fastqc.html
[2022-03-30 16:04:14,546] multiqc                                            [DEBUG  ]  File ignored by hicexplorer because it exceeded search pattern filesize limit: SRR4342139.2_fastqc.html
[2022-03-30 16:04:14,546] multiqc                                            [DEBUG  ]  File ignored by lima/summary because it exceeded search pattern filesize limit: SRR4342139.2_fastqc.html
[2022-03-30 16:04:14,554] multiqc                                            [DEBUG  ]  File ignored by vep/vep_txt because it exceeded search pattern filesize limit: SRR4342139.2_fastqc.html
[2022-03-30 16:04:14,554] multiqc                                            [DEBUG  ]  File ignored by longranger/invocation because it exceeded search pattern filesize limit: SRR4342139.2_fastqc.html
[2022-03-30 16:04:14,606] multiqc                                            [DEBUG  ]  File ignored by nanostat because it exceeded search pattern filesize limit: SRR4342139.2_fastqc.html
[2022-03-30 16:04:14,619] multiqc                                            [DEBUG  ]  File ignored by ccs/v4 because it exceeded search pattern filesize limit: RNA_trim_37.left_paired.trimmed_fastqc.html
[2022-03-30 16:04:14,622] multiqc                                            [DEBUG  ]  File ignored by hicexplorer because it exceeded search pattern filesize limit: RNA_trim_37.left_paired.trimmed_fastqc.html
[2022-03-30 16:04:14,623] multiqc                                            [DEBUG  ]  File ignored by lima/summary because it exceeded search pattern filesize limit: RNA_trim_37.left_paired.trimmed_fastqc.html
[2022-03-30 16:04:14,631] multiqc                                            [DEBUG  ]  File ignored by vep/vep_txt because it exceeded search pattern filesize limit: RNA_trim_37.left_paired.trimmed_fastqc.html
[2022-03-30 16:04:14,632] multiqc                                            [DEBUG  ]  File ignored by longranger/invocation because it exceeded search pattern filesize limit: RNA_trim_37.left_paired.trimmed_fastqc.html
[2022-03-30 16:04:14,687] multiqc                                            [DEBUG  ]  File ignored by nanostat because it exceeded search pattern filesize limit: RNA_trim_37.left_paired.trimmed_fastqc.html
[2022-03-30 16:04:14,699] multiqc                                            [DEBUG  ]  File ignored by ccs/v4 because it exceeded search pattern filesize limit: RNA_trim_37.left_unpaired.trimmed_fastqc.html
[2022-03-30 16:04:14,703] multiqc                                            [DEBUG  ]  File ignored by hicexplorer because it exceeded search pattern filesize limit: RNA_trim_37.left_unpaired.trimmed_fastqc.html
[2022-03-30 16:04:14,703] multiqc                                            [DEBUG  ]  File ignored by lima/summary because it exceeded search pattern filesize limit: RNA_trim_37.left_unpaired.trimmed_fastqc.html
[2022-03-30 16:04:14,711] multiqc                                            [DEBUG  ]  File ignored by vep/vep_txt because it exceeded search pattern filesize limit: RNA_trim_37.left_unpaired.trimmed_fastqc.html
[2022-03-30 16:04:14,711] multiqc                                            [DEBUG  ]  File ignored by longranger/invocation because it exceeded search pattern filesize limit: RNA_trim_37.left_unpaired.trimmed_fastqc.html
[2022-03-30 16:04:14,770] multiqc                                            [DEBUG  ]  File ignored by nanostat because it exceeded search pattern filesize limit: RNA_trim_37.left_unpaired.trimmed_fastqc.html
[2022-03-30 16:04:14,783] multiqc                                            [DEBUG  ]  File ignored by ccs/v4 because it exceeded search pattern filesize limit: RNA_trim_37.right_paired.trimmed_fastqc.html
[2022-03-30 16:04:14,787] multiqc                                            [DEBUG  ]  File ignored by hicexplorer because it exceeded search pattern filesize limit: RNA_trim_37.right_paired.trimmed_fastqc.html
[2022-03-30 16:04:14,788] multiqc                                            [DEBUG  ]  File ignored by lima/summary because it exceeded search pattern filesize limit: RNA_trim_37.right_paired.trimmed_fastqc.html
[2022-03-30 16:04:14,795] multiqc                                            [DEBUG  ]  File ignored by vep/vep_txt because it exceeded search pattern filesize limit: RNA_trim_37.right_paired.trimmed_fastqc.html
[2022-03-30 16:04:14,795] multiqc                                            [DEBUG  ]  File ignored by longranger/invocation because it exceeded search pattern filesize limit: RNA_trim_37.right_paired.trimmed_fastqc.html
[2022-03-30 16:04:14,846] multiqc                                            [DEBUG  ]  File ignored by nanostat because it exceeded search pattern filesize limit: RNA_trim_37.right_paired.trimmed_fastqc.html
[2022-03-30 16:04:14,863] multiqc                                            [DEBUG  ]  File ignored by ccs/v4 because it exceeded search pattern filesize limit: RNA_trim_37.right_unpaired.trimmed_fastqc.html
[2022-03-30 16:04:14,867] multiqc                                            [DEBUG  ]  File ignored by hicexplorer because it exceeded search pattern filesize limit: RNA_trim_37.right_unpaired.trimmed_fastqc.html
[2022-03-30 16:04:14,868] multiqc                                            [DEBUG  ]  File ignored by lima/summary because it exceeded search pattern filesize limit: RNA_trim_37.right_unpaired.trimmed_fastqc.html
[2022-03-30 16:04:14,876] multiqc                                            [DEBUG  ]  File ignored by vep/vep_txt because it exceeded search pattern filesize limit: RNA_trim_37.right_unpaired.trimmed_fastqc.html
[2022-03-30 16:04:14,876] multiqc                                            [DEBUG  ]  File ignored by longranger/invocation because it exceeded search pattern filesize limit: RNA_trim_37.right_unpaired.trimmed_fastqc.html
[2022-03-30 16:04:14,930] multiqc                                            [DEBUG  ]  File ignored by nanostat because it exceeded search pattern filesize limit: RNA_trim_37.right_unpaired.trimmed_fastqc.html
[2022-03-30 16:04:14,946] multiqc                                            [DEBUG  ]  File ignored by ccs/v4 because it exceeded search pattern filesize limit: RNA_trim_39.left_paired.trimmed_fastqc.html
[2022-03-30 16:04:14,950] multiqc                                            [DEBUG  ]  File ignored by hicexplorer because it exceeded search pattern filesize limit: RNA_trim_39.left_paired.trimmed_fastqc.html
[2022-03-30 16:04:14,951] multiqc                                            [DEBUG  ]  File ignored by lima/summary because it exceeded search pattern filesize limit: RNA_trim_39.left_paired.trimmed_fastqc.html
[2022-03-30 16:04:14,966] multiqc                                            [DEBUG  ]  File ignored by vep/vep_txt because it exceeded search pattern filesize limit: RNA_trim_39.left_paired.trimmed_fastqc.html
[2022-03-30 16:04:14,966] multiqc                                            [DEBUG  ]  File ignored by longranger/invocation because it exceeded search pattern filesize limit: RNA_trim_39.left_paired.trimmed_fastqc.html
[2022-03-30 16:04:15,018] multiqc                                            [DEBUG  ]  File ignored by nanostat because it exceeded search pattern filesize limit: RNA_trim_39.left_paired.trimmed_fastqc.html
[2022-03-30 16:04:15,032] multiqc                                            [DEBUG  ]  File ignored by ccs/v4 because it exceeded search pattern filesize limit: RNA_trim_39.left_unpaired.trimmed_fastqc.html
[2022-03-30 16:04:15,036] multiqc                                            [DEBUG  ]  File ignored by hicexplorer because it exceeded search pattern filesize limit: RNA_trim_39.left_unpaired.trimmed_fastqc.html
[2022-03-30 16:04:15,037] multiqc                                            [DEBUG  ]  File ignored by lima/summary because it exceeded search pattern filesize limit: RNA_trim_39.left_unpaired.trimmed_fastqc.html
[2022-03-30 16:04:15,044] multiqc                                            [DEBUG  ]  File ignored by vep/vep_txt because it exceeded search pattern filesize limit: RNA_trim_39.left_unpaired.trimmed_fastqc.html
[2022-03-30 16:04:15,045] multiqc                                            [DEBUG  ]  File ignored by longranger/invocation because it exceeded search pattern filesize limit: RNA_trim_39.left_unpaired.trimmed_fastqc.html
[2022-03-30 16:04:15,101] multiqc                                            [DEBUG  ]  File ignored by nanostat because it exceeded search pattern filesize limit: RNA_trim_39.left_unpaired.trimmed_fastqc.html
[2022-03-30 16:04:15,115] multiqc                                            [DEBUG  ]  File ignored by ccs/v4 because it exceeded search pattern filesize limit: RNA_trim_39.right_paired.trimmed_fastqc.html
[2022-03-30 16:04:15,120] multiqc                                            [DEBUG  ]  File ignored by hicexplorer because it exceeded search pattern filesize limit: RNA_trim_39.right_paired.trimmed_fastqc.html
[2022-03-30 16:04:15,121] multiqc                                            [DEBUG  ]  File ignored by lima/summary because it exceeded search pattern filesize limit: RNA_trim_39.right_paired.trimmed_fastqc.html
[2022-03-30 16:04:15,130] multiqc                                            [DEBUG  ]  File ignored by vep/vep_txt because it exceeded search pattern filesize limit: RNA_trim_39.right_paired.trimmed_fastqc.html
[2022-03-30 16:04:15,130] multiqc                                            [DEBUG  ]  File ignored by longranger/invocation because it exceeded search pattern filesize limit: RNA_trim_39.right_paired.trimmed_fastqc.html
[2022-03-30 16:04:15,186] multiqc                                            [DEBUG  ]  File ignored by nanostat because it exceeded search pattern filesize limit: RNA_trim_39.right_paired.trimmed_fastqc.html
[2022-03-30 16:04:15,199] multiqc                                            [DEBUG  ]  File ignored by ccs/v4 because it exceeded search pattern filesize limit: RNA_trim_39.right_unpaired.trimmed_fastqc.html
[2022-03-30 16:04:15,203] multiqc                                            [DEBUG  ]  File ignored by hicexplorer because it exceeded search pattern filesize limit: RNA_trim_39.right_unpaired.trimmed_fastqc.html
[2022-03-30 16:04:15,204] multiqc                                            [DEBUG  ]  File ignored by lima/summary because it exceeded search pattern filesize limit: RNA_trim_39.right_unpaired.trimmed_fastqc.html
[2022-03-30 16:04:15,211] multiqc                                            [DEBUG  ]  File ignored by vep/vep_txt because it exceeded search pattern filesize limit: RNA_trim_39.right_unpaired.trimmed_fastqc.html
[2022-03-30 16:04:15,212] multiqc                                            [DEBUG  ]  File ignored by longranger/invocation because it exceeded search pattern filesize limit: RNA_trim_39.right_unpaired.trimmed_fastqc.html
[2022-03-30 16:04:15,269] multiqc                                            [DEBUG  ]  File ignored by nanostat because it exceeded search pattern filesize limit: RNA_trim_39.right_unpaired.trimmed_fastqc.html
[2022-03-30 16:04:15,296] multiqc                                            [DEBUG  ]  File ignored by ccs/v4 because it exceeded search pattern filesize limit: log
[2022-03-30 16:04:15,300] multiqc                                            [DEBUG  ]  File ignored by hicexplorer because it exceeded search pattern filesize limit: log
[2022-03-30 16:04:15,300] multiqc                                            [DEBUG  ]  File ignored by lima/summary because it exceeded search pattern filesize limit: log
[2022-03-30 16:04:15,308] multiqc                                            [DEBUG  ]  File ignored by longranger/invocation because it exceeded search pattern filesize limit: log
[2022-03-30 16:04:15,326] multiqc                                            [DEBUG  ]  File ignored by nanostat because it exceeded search pattern filesize limit: log
[2022-03-30 16:04:15,343] multiqc                                            [DEBUG  ]  File ignored by ccs/v4 because it exceeded search pattern filesize limit: options.json
[2022-03-30 16:04:15,347] multiqc                                            [DEBUG  ]  File ignored by lima/summary because it exceeded search pattern filesize limit: options.json
[2022-03-30 16:04:15,519] multiqc                                            [DEBUG  ]  File ignored by ccs/v4 because it exceeded search pattern filesize limit: 21.counting
[2022-03-30 16:04:15,523] multiqc                                            [DEBUG  ]  File ignored by hicexplorer because it exceeded search pattern filesize limit: 21.counting
[2022-03-30 16:04:15,523] multiqc                                            [DEBUG  ]  File ignored by lima/summary because it exceeded search pattern filesize limit: 21.counting
[2022-03-30 16:04:15,531] multiqc                                            [DEBUG  ]  File ignored by vep/vep_txt because it exceeded search pattern filesize limit: 21.counting
[2022-03-30 16:04:15,531] multiqc                                            [DEBUG  ]  File ignored by longranger/invocation because it exceeded search pattern filesize limit: 21.counting
[2022-03-30 16:04:15,531] multiqc                                            [DEBUG  ]  File ignored by rockhopper because it exceeded search pattern filesize limit: 21.counting
[2022-03-30 16:04:15,531] multiqc                                            [DEBUG  ]  File ignored by rseqc/bam_stat because it exceeded search pattern filesize limit: 21.counting
[2022-03-30 16:04:15,531] multiqc                                            [DEBUG  ]  File ignored by rseqc/junction_annotation because it exceeded search pattern filesize limit: 21.counting
[2022-03-30 16:04:15,531] multiqc                                            [DEBUG  ]  File ignored by rseqc/read_distribution because it exceeded search pattern filesize limit: 21.counting
[2022-03-30 16:04:15,531] multiqc                                            [DEBUG  ]  File ignored by rseqc/infer_experiment because it exceeded search pattern filesize limit: 21.counting
[2022-03-30 16:04:17,010] multiqc                                            [DEBUG  ]  File ignored by nanostat because it exceeded search pattern filesize limit: 21.counting
[2022-03-30 16:04:17,102] multiqc                                            [DEBUG  ]  File ignored by ccs/v4 because it exceeded search pattern filesize limit: 21.edges.info
[2022-03-30 16:04:17,110] multiqc                                            [DEBUG  ]  File ignored by hicexplorer because it exceeded search pattern filesize limit: 21.edges.info
[2022-03-30 16:04:17,111] multiqc                                            [DEBUG  ]  File ignored by lima/summary because it exceeded search pattern filesize limit: 21.edges.info
[2022-03-30 16:04:17,119] multiqc                                            [DEBUG  ]  File ignored by vep/vep_html because it exceeded search pattern filesize limit: 21.edges.info
[2022-03-30 16:04:17,119] multiqc                                            [DEBUG  ]  File ignored by vep/vep_txt because it exceeded search pattern filesize limit: 21.edges.info
[2022-03-30 16:04:17,120] multiqc                                            [DEBUG  ]  File ignored by longranger/invocation because it exceeded search pattern filesize limit: 21.edges.info
[2022-03-30 16:04:17,120] multiqc                                            [DEBUG  ]  File ignored by rockhopper because it exceeded search pattern filesize limit: 21.edges.info
[2022-03-30 16:04:17,120] multiqc                                            [DEBUG  ]  File ignored by rseqc/bam_stat because it exceeded search pattern filesize limit: 21.edges.info
[2022-03-30 16:04:17,120] multiqc                                            [DEBUG  ]  File ignored by rseqc/junction_annotation because it exceeded search pattern filesize limit: 21.edges.info
[2022-03-30 16:04:17,120] multiqc                                            [DEBUG  ]  File ignored by rseqc/read_distribution because it exceeded search pattern filesize limit: 21.edges.info
[2022-03-30 16:04:17,120] multiqc                                            [DEBUG  ]  File ignored by rseqc/infer_experiment because it exceeded search pattern filesize limit: 21.edges.info
[2022-03-30 16:04:17,157] multiqc                                            [DEBUG  ]  File ignored by stacks/sumstats because it exceeded search pattern filesize limit: 21.edges.info
[2022-03-30 16:04:18,674] multiqc                                            [DEBUG  ]  File ignored by nanostat because it exceeded search pattern filesize limit: 21.edges.info
[2022-03-30 16:04:20,802] multiqc.plots.bargraph                             [DEBUG  ]  Using matplotlib version 3.3.4
[2022-03-30 16:04:20,878] multiqc                                            [DEBUG  ]  No samples found: trimmomatic
[2022-03-30 16:04:20,890] multiqc.plots.linegraph                            [DEBUG  ]  Using matplotlib version 3.3.4
[2022-03-30 16:04:21,303] multiqc.modules.fastqc.fastqc                      [INFO   ]  Found 16 reports
[2022-03-30 16:04:21,647] multiqc                                            [INFO   ]  Compressing plot data
[2022-03-30 16:04:21,996] multiqc                                            [INFO   ]  Report      : multiqc_report.html
[2022-03-30 16:04:21,996] multiqc                                            [INFO   ]  Data        : multiqc_data
[2022-03-30 16:04:21,997] multiqc                                            [DEBUG  ]  Moving data file from '/scratch/tmpvxlwvo2w/multiqc_data' to '/domus/h1/andreak/Genome_Analysis/Genome-Analysis/data/multiqc_data'
[2022-03-30 16:04:22,185] multiqc                                            [INFO   ]  MultiQC complete
