Aligning contigs to reference...
	Aligning contigs to the reference
Filtering alignments...
Parsing coords...
Loading reference...
	Loaded [Xanthomonas_citri_subsp._malvacearum_NZ_CP013006.1]
	Loaded [Xanthomonas_citri_subsp._malvacearum_NZ_CP013007.1]
	Total Regions: 2
	Total Region Length: 5278251
Analyzing contigs...
CONTIG: k105_90959 (665bp)
Best alignment score: 72.0 (LEN: 73, IDY: 98.63), Total number of alignments: 2
			Looking for the best set of alignments (out of 2 total alignments)
			Skipping redundant alignments after choosing the best set of alignments
		Skipping redundant alignment 1967455 1967527 | 469 541 | 73 73 | 98.63 | Xanthomonas_citri_subsp._malvacearum_NZ_CP013006.1 k105_90959
		This contig has several significant sets of alignments. [An ambiguously mapped contig]
		Using only the very best set (option --ambiguity-usage is set to "one").
			The best set is below. Score: 72.0, number of alignments: 1, unaligned bases: 592
		Alignment: 1967627 1967699 | 469 541 | 73 73 | 98.63 | Xanthomonas_citri_subsp._malvacearum_NZ_CP013006.1 k105_90959

CONTIG: k105_49446 (1369bp)
Best alignment score: 72.0 (LEN: 73, IDY: 98.63), Total number of alignments: 2
			Looking for the best set of alignments (out of 2 total alignments)
			Skipping redundant alignments after choosing the best set of alignments
		Skipping redundant alignment 1967627 1967699 | 154 82 | 73 73 | 98.63 | Xanthomonas_citri_subsp._malvacearum_NZ_CP013006.1 k105_49446
		This contig has several significant sets of alignments. [An ambiguously mapped contig]
		Using only the very best set (option --ambiguity-usage is set to "one").
			The best set is below. Score: 72.0, number of alignments: 1, unaligned bases: 1296
		This contig is partially unaligned. (Aligned 73 out of 1369 non-N bases (5.33%))
		Alignment: 1967455 1967527 | 154 82 | 73 73 | 98.63 | Xanthomonas_citri_subsp._malvacearum_NZ_CP013006.1 k105_49446
		Unaligned bases: 1 to 81 (81)
		Unaligned bases: 155 to 1369 (1215)

CONTIG: k105_161594 (829bp)
Best alignment score: 111.0 (LEN: 115, IDY: 96.52), Total number of alignments: 4
			Looking for the best set of alignments (out of 4 total alignments)
			Skipping redundant alignments after choosing the best set of alignments
		Skipping redundant alignment 539646 539754 | 109 1 | 109 109 | 96.33 | Xanthomonas_citri_subsp._malvacearum_NZ_CP013006.1 k105_161594
		Skipping redundant alignment 538806 538919 | 828 715 | 114 114 | 96.49 | Xanthomonas_citri_subsp._malvacearum_NZ_CP013006.1 k105_161594
		This contig has several significant sets of alignments. [An ambiguously mapped contig]
		Using only the very best set (option --ambiguity-usage is set to "one").
			The best set is below. Score: 209.0, number of alignments: 2, unaligned bases: 607
		This contig is misassembled.
		This contig is partially unaligned. (Aligned 222 out of 829 non-N bases (26.78%))
			Warning! This contig is more unaligned than misassembled. Contig length is 829 (number of Ns: 0) and total length of all aligns is 222
		Alignment: 5114967 5115073 | 1 107 | 107 107 | 98.13 | Xanthomonas_citri_subsp._malvacearum_NZ_CP013006.1 k105_161594
		Alignment: 5115801 5115915 | 714 828 | 115 115 | 96.52 | Xanthomonas_citri_subsp._malvacearum_NZ_CP013006.1 k105_161594
		Unaligned bases: 607

Analyzing coverage...
Writing SNPs into /home/andreak/Genome_Analysis/Genome-Analysis/data/Metaquast/D3-SRR4342133_metaquast_out/runs_per_reference/Xanthomonas_citri_subsp._malvacearum/contigs_reports/minimap_output/final-contigs.used_snps.gz

Analysis is finished!
Founded SNPs were written into /home/andreak/Genome_Analysis/Genome-Analysis/data/Metaquast/D3-SRR4342133_metaquast_out/runs_per_reference/Xanthomonas_citri_subsp._malvacearum/contigs_reports/minimap_output/final-contigs.used_snps.gz

Results:
	Local Misassemblies: 0
	Misassemblies: 0
		Relocations: 0
		Translocations: 0
		Inversions: 0
	Scaffold gap extensive misassemblies: 0
	Scaffold gap local misassemblies: 0
	Misassembled Contigs: 0
	Misassembled Contig Bases: 0
	Misassemblies Inter-Contig Overlap: 0
Unaligned Contigs: 0 + 2 part
Half Unaligned Contigs with Misassemblies: 1
Unaligned Contig Bases: 1903

Ambiguously Mapped Contigs: 3
Total Bases in Ambiguously Mapped Contigs: 2863
Extra Bases in Ambiguously Mapped Contigs: 0
Note that --allow-ambiguity option was set to "one" and only first alignment per each of these contigs was used.

	Covered Bases: 368

	SNPs: 8
	Insertions: 0
	Deletions: 0

