[2022-04-21 10:28:08] INFO: CheckM v1.1.3
[2022-04-21 10:28:08] INFO: checkm lineage_wf -t 10 -x fa --reduced_tree /home/andreak/Genome_Analysis/Genome-Analysis/data/Metabat/D3_metabat/ /home/andreak/Genome_Analysis/Genome-Analysis/data/Checkm/D3-SRR4342133_checkm
[2022-04-21 10:28:08] INFO: [CheckM - tree] Placing bins in reference genome tree.
[2022-04-21 10:28:09] INFO: Identifying marker genes in 21 bins with 10 threads:
[2022-04-21 10:29:10] INFO: Saving HMM info to file.
[2022-04-21 10:29:10] INFO: Calculating genome statistics for 21 bins with 10 threads:
[2022-04-21 10:29:10] INFO: Extracting marker genes to align.
[2022-04-21 10:29:10] INFO: Parsing HMM hits to marker genes:
[2022-04-21 10:29:12] INFO: Extracting 43 HMMs with 10 threads:
[2022-04-21 10:29:12] INFO: Aligning 43 marker genes with 10 threads:
[2022-04-21 10:29:13] INFO: Reading marker alignment files.
[2022-04-21 10:29:13] INFO: Concatenating alignments.
[2022-04-21 10:29:13] INFO: Placing 21 bins into the genome tree with pplacer (be patient).
[2022-04-21 10:33:24] INFO: { Current stage: 0:05:15.612 || Total: 0:05:15.612 }
[2022-04-21 10:33:24] INFO: [CheckM - lineage_set] Inferring lineage-specific marker sets.
[2022-04-21 10:33:24] INFO: Reading HMM info from file.
[2022-04-21 10:33:24] INFO: Parsing HMM hits to marker genes:
[2022-04-21 10:33:25] INFO: Determining marker sets for each genome bin.
[2022-04-21 10:33:29] INFO: Marker set written to: /home/andreak/Genome_Analysis/Genome-Analysis/data/Checkm/D3-SRR4342133_checkm/lineage.ms
[2022-04-21 10:33:29] INFO: { Current stage: 0:00:05.194 || Total: 0:05:20.806 }
[2022-04-21 10:33:29] INFO: [CheckM - analyze] Identifying marker genes in bins.
[2022-04-21 10:33:29] INFO: Identifying marker genes in 21 bins with 10 threads:
[2022-04-21 10:37:55] INFO: Saving HMM info to file.
[2022-04-21 10:37:56] INFO: { Current stage: 0:04:26.680 || Total: 0:09:47.487 }
[2022-04-21 10:37:56] INFO: Parsing HMM hits to marker genes:
[2022-04-21 10:38:00] INFO: Aligning marker genes with multiple hits in a single bin:
[2022-04-21 10:38:09] INFO: { Current stage: 0:00:13.677 || Total: 0:10:01.164 }
[2022-04-21 10:38:09] INFO: Calculating genome statistics for 21 bins with 10 threads:
[2022-04-21 10:38:10] INFO: { Current stage: 0:00:00.722 || Total: 0:10:01.886 }
[2022-04-21 10:38:10] INFO: [CheckM - qa] Tabulating genome statistics.
[2022-04-21 10:38:10] INFO: Calculating AAI between multi-copy marker genes.
[2022-04-21 10:38:10] INFO: Reading HMM info from file.
[2022-04-21 10:38:11] INFO: Parsing HMM hits to marker genes:
[2022-04-21 10:38:15] INFO: { Current stage: 0:00:04.720 || Total: 0:10:06.606 }
[2022-04-21 10:40:15] INFO: CheckM v1.1.3
[2022-04-21 10:40:15] INFO: checkm analyze -t 10 -x fa /home/andreak/Genome_Analysis/Genome-Analysis/data/Checkm/D3-SRR4342133_checkm/lineage.ms /home/andreak/Genome_Analysis/Genome-Analysis/data/Metabat/D3_metabat /home/andreak/Genome_Analysis/Genome-Analysis/data/Checkm/D3-SRR4342133_checkm
[2022-04-21 10:40:15] INFO: [CheckM - analyze] Identifying marker genes in bins.
[2022-04-21 10:40:16] INFO: Identifying marker genes in 21 bins with 10 threads:
[2022-04-21 10:44:42] INFO: Saving HMM info to file.
[2022-04-21 10:44:42] INFO: { Current stage: 0:04:27.137 || Total: 0:04:27.137 }
[2022-04-21 10:44:42] INFO: Parsing HMM hits to marker genes:
[2022-04-21 10:44:47] INFO: Aligning marker genes with multiple hits in a single bin:
[2022-04-21 10:44:55] INFO: { Current stage: 0:00:12.291 || Total: 0:04:39.428 }
[2022-04-21 10:44:55] INFO: Calculating genome statistics for 21 bins with 10 threads:
[2022-04-21 10:44:55] INFO: { Current stage: 0:00:00.655 || Total: 0:04:40.084 }
