-----------------------------------------------------------------------------------------------------------------------------------------------------------------------------------------------------
  Bin Id                                      Marker lineage            # genomes   # markers   # marker sets    0     1    2    3    4    5+   Completeness   Contamination   Strain heterogeneity  
-----------------------------------------------------------------------------------------------------------------------------------------------------------------------------------------------------
  D3-SRR4342133__metabat_output_2          k__Bacteria (UID203)            5449         99            53         0     2    5    11   24   57      100.00          332.36              4.34          
  D3-SRR4342133__metabat_output_1         k__Bacteria (UID2565)            2921        142            87         3    139   0    0    0    0       97.63            0.00               0.00          
  D3-SRR4342133__metabat_output_16        k__Bacteria (UID2495)            2993        147            91         3    144   0    0    0    0       96.70            0.00               0.00          
  D3-SRR4342133__metabat_output_9          k__Bacteria (UID203)            5449        104            58         3     18   55   27   1    0       94.83           94.58              51.41          
  D3-SRR4342133__metabat_output_21   c__Gammaproteobacteria (UID4274)      112         577           287         49   518   9    1    0    0       93.95            2.60               8.33          
  D3-SRR4342133__metabat_output_4           k__Archaea (UID2)              207         145           103         13    23   25   48   25   11      88.35           162.32             35.51          
  D3-SRR4342133__metabat_output_7         k__Bacteria (UID3187)            2258        188           117         20   165   3    0    0    0       85.37            1.50              33.33          
  D3-SRR4342133__metabat_output_12        k__Bacteria (UID2495)            2993        147            91         22   123   2    0    0    0       79.92            2.20              50.00          
  D3-SRR4342133__metabat_output_13        k__Bacteria (UID2565)            2921        142            87         24   115   3    0    0    0       78.87            2.87              100.00         
  D3-SRR4342133__metabat_output_11     o__Actinomycetales (UID1663)        488         310           185         66   241   3    0    0    0       76.81            1.62              66.67          
  D3-SRR4342133__metabat_output_5         k__Bacteria (UID2495)            2993        147            91         38   109   0    0    0    0       75.06            0.00               0.00          
  D3-SRR4342133__metabat_output_3      o__Actinomycetales (UID1696)        455         315           190         86   169   54   6    0    0       68.30           19.08               9.72          
  D3-SRR4342133__metabat_output_15       p__Euryarchaeota (UID3)           148         188           125         61   123   4    0    0    0       66.80            1.60              25.00          
  D3-SRR4342133__metabat_output_17         k__Bacteria (UID203)            5449        104            58         67    32   5    0    0    0       55.17            6.90              80.00          
  D3-SRR4342133__metabat_output_10        k__Bacteria (UID3187)            2258        190           119         87   103   0    0    0    0       53.34            0.00               0.00          
  D3-SRR4342133__metabat_output_14        k__Bacteria (UID3187)            2258        188           117         88    82   17   1    0    0       52.59            9.69              20.00          
  D3-SRR4342133__metabat_output_6          k__Bacteria (UID203)            5449        104            58         77    25   2    0    0    0       39.66            3.45              50.00          
  D3-SRR4342133__metabat_output_8        p__Euryarchaeota (UID3)           148         188           125        110    74   4    0    0    0       38.72            2.04              50.00          
  D3-SRR4342133__metabat_output_20         k__Bacteria (UID203)            5449        104            58         74    30   0    0    0    0       26.96            0.00               0.00          
  D3-SRR4342133__metabat_output_19         k__Bacteria (UID203)            5449        104            58         88    16   0    0    0    0       16.16            0.00               0.00          
  D3-SRR4342133__metabat_output_18          k__Archaea (UID2)              207         149           107        137    12   0    0    0    0        9.35            0.00               0.00          
-----------------------------------------------------------------------------------------------------------------------------------------------------------------------------------------------------
