/sw/bioinfo/quast/5.0.2/rackham/bin/quast.py --colors #E31A1C --ls solid --no-check-meta --contig-thresholds 1000,5000,10000,25000,50000 --memory-efficient -t 1 /home/andreak/Genome_Analysis/Genome-Analysis/data/Metaquast/D3-SRR4342133_metaquast_out/quast_corrected_input/final-contigs_to_endosymbiont_of_Ridgeia_piscesae.fasta -R /home/andreak/Genome_Analysis/Genome-Analysis/data/Metaquast/D3-SRR4342133_metaquast_out/quast_corrected_input/endosymbiont_of_Ridgeia_piscesae.fasta -o /home/andreak/Genome_Analysis/Genome-Analysis/data/Metaquast/D3-SRR4342133_metaquast_out/runs_per_reference/endosymbiont_of_Ridgeia_piscesae --labels final.contigs

Started: 2022-04-05 17:50:17

Logging to /home/andreak/Genome_Analysis/Genome-Analysis/data/Metaquast/D3-SRR4342133_metaquast_out/runs_per_reference/endosymbiont_of_Ridgeia_piscesae/quast.log

CWD: /domus/h1/andreak/Genome_Analysis/Genome-Analysis/code
Main parameters: 
  MODE: meta, threads: 1, minimum contig length: 500, minimum alignment length: 65, ambiguity: one, \
  threshold for extensive misassembly size: 1000

Reference:
  /home/andreak/Genome_Analysis/Genome-Analysis/data/Metaquast/D3-SRR4342133_metaquast_out/quast_corrected_input/endosymbiont_of_Ridgeia_piscesae.fasta ==> endosymbiont_of_Ridgeia_piscesae

Contigs:
  Pre-processing...
  /home/andreak/Genome_Analysis/Genome-Analysis/data/Metaquast/D3-SRR4342133_metaquast_out/quast_corrected_input/final-contigs_to_endosymbiont_of_Ridgeia_piscesae.fasta ==> final.contigs

2022-04-05 17:50:17
Running Basic statistics processor...
  Reference genome:
    endosymbiont_of_Ridgeia_piscesae.fasta, length = 3442017, num fragments = 86, GC % = 58.88
WARNING:   Reference genome is fragmented. You may consider rerunning QUAST using --fragmented option. QUAST will try to detect misassemblies caused by the fragmentation and mark them fake (will be excluded from # misassemblies).
  Contig files: 
    final.contigs
  Calculating N50 and L50...
    final.contigs, N50 = 124997, L50 = 3, Total length = 943312, GC % = 59.59, # N's per 100 kbp =  0.00
  Drawing Nx plot...
    saved to /home/andreak/Genome_Analysis/Genome-Analysis/data/Metaquast/D3-SRR4342133_metaquast_out/runs_per_reference/endosymbiont_of_Ridgeia_piscesae/basic_stats/Nx_plot.pdf
  Drawing NGx plot...
    saved to /home/andreak/Genome_Analysis/Genome-Analysis/data/Metaquast/D3-SRR4342133_metaquast_out/runs_per_reference/endosymbiont_of_Ridgeia_piscesae/basic_stats/NGx_plot.pdf
  Drawing cumulative plot...
    saved to /home/andreak/Genome_Analysis/Genome-Analysis/data/Metaquast/D3-SRR4342133_metaquast_out/runs_per_reference/endosymbiont_of_Ridgeia_piscesae/basic_stats/cumulative_plot.pdf
  Drawing GC content plot...
    saved to /home/andreak/Genome_Analysis/Genome-Analysis/data/Metaquast/D3-SRR4342133_metaquast_out/runs_per_reference/endosymbiont_of_Ridgeia_piscesae/basic_stats/GC_content_plot.pdf
  Drawing final.contigs GC content plot...
    saved to /home/andreak/Genome_Analysis/Genome-Analysis/data/Metaquast/D3-SRR4342133_metaquast_out/runs_per_reference/endosymbiont_of_Ridgeia_piscesae/basic_stats/final.contigs_GC_content_plot.pdf
Done.

2022-04-05 17:50:21
Running Contig analyzer...
  final.contigs
  Logging to files /home/andreak/Genome_Analysis/Genome-Analysis/data/Metaquast/D3-SRR4342133_metaquast_out/runs_per_reference/endosymbiont_of_Ridgeia_piscesae/contigs_reports/contigs_report_final-contigs.stdout and contigs_report_final-contigs.stderr...
  Aligning contigs to the reference
  /sw/bioinfo/quast/5.0.2/rackham/lib/python3.7/site-packages/quast_libs/minimap2/minimap2 \
  -c -x asm5 -B5 -O4,16 --no-long-join -r 85 -N 50 -s 65 -z 200 --mask-level 0.9 --min-occ \
  200 -g 2500 --score-N 2 --cs -t 1 /home/andreak/Genome_Analysis/Genome-Analysis/data/Metaquast/D3-SRR4342133_metaquast_out/quast_corrected_input/endosymbiont_of_Ridgeia_piscesae.fasta \
  /home/andreak/Genome_Analysis/Genome-Analysis/data/Metaquast/D3-SRR4342133_metaquast_out/quast_corrected_input/final-contigs_to_endosymbiont_of_Ridgeia_piscesae.fasta \
  > /home/andreak/Genome_Analysis/Genome-Analysis/data/Metaquast/D3-SRR4342133_metaquast_out/runs_per_reference/endosymbiont_of_Ridgeia_piscesae/contigs_reports/minimap_output/final-contigs.coords_tmp \
  2>> /home/andreak/Genome_Analysis/Genome-Analysis/data/Metaquast/D3-SRR4342133_metaquast_out/runs_per_reference/endosymbiont_of_Ridgeia_piscesae/contigs_reports/contigs_report_final-contigs.stderr
  Analysis is finished.

  Creating total report...
    saved to /home/andreak/Genome_Analysis/Genome-Analysis/data/Metaquast/D3-SRR4342133_metaquast_out/runs_per_reference/endosymbiont_of_Ridgeia_piscesae/contigs_reports/misassemblies_report.txt, misassemblies_report.tsv, and misassemblies_report.tex
  Transposed version of total report...
    saved to /home/andreak/Genome_Analysis/Genome-Analysis/data/Metaquast/D3-SRR4342133_metaquast_out/runs_per_reference/endosymbiont_of_Ridgeia_piscesae/contigs_reports/transposed_report_misassemblies.txt, transposed_report_misassemblies.tsv, and transposed_report_misassemblies.tex
  Creating total report...
    saved to /home/andreak/Genome_Analysis/Genome-Analysis/data/Metaquast/D3-SRR4342133_metaquast_out/runs_per_reference/endosymbiont_of_Ridgeia_piscesae/contigs_reports/unaligned_report.txt, unaligned_report.tsv, and unaligned_report.tex
  Drawing misassemblies by types plot...
    saved to /home/andreak/Genome_Analysis/Genome-Analysis/data/Metaquast/D3-SRR4342133_metaquast_out/runs_per_reference/endosymbiont_of_Ridgeia_piscesae/contigs_reports/misassemblies_plot.pdf
  Drawing misassemblies FRCurve plot...
    saved to /home/andreak/Genome_Analysis/Genome-Analysis/data/Metaquast/D3-SRR4342133_metaquast_out/runs_per_reference/endosymbiont_of_Ridgeia_piscesae/contigs_reports/misassemblies_frcurve_plot.pdf
Done.

2022-04-05 17:50:24
Running NA-NGA calculation...
  final.contigs, Largest alignment = 608, NA50 = None, LA50 = None
  Drawing cumulative plot...
    saved to /home/andreak/Genome_Analysis/Genome-Analysis/data/Metaquast/D3-SRR4342133_metaquast_out/runs_per_reference/endosymbiont_of_Ridgeia_piscesae/aligned_stats/cumulative_plot.pdf
  Drawing NAx plot...
    saved to /home/andreak/Genome_Analysis/Genome-Analysis/data/Metaquast/D3-SRR4342133_metaquast_out/runs_per_reference/endosymbiont_of_Ridgeia_piscesae/aligned_stats/NAx_plot.pdf
  Drawing NGAx plot...
    saved to /home/andreak/Genome_Analysis/Genome-Analysis/data/Metaquast/D3-SRR4342133_metaquast_out/runs_per_reference/endosymbiont_of_Ridgeia_piscesae/aligned_stats/NGAx_plot.pdf
Done.

2022-04-05 17:50:26
Running Genome analyzer...
  NOTICE: No file with genomic features were provided. Use the --features option if you want to specify it.

  NOTICE: No file with operons were provided. Use the -O option if you want to specify it.
  final.contigs
  Analysis is finished.
  Skipping drawing Genome fraction, % histogram... (less than 2 columns histogram makes no sense)
Done.

NOTICE: Genes are not predicted by default. Use --gene-finding or --glimmer option to enable it.

2022-04-05 17:50:30
Creating large visual summaries...
This may take a while: press Ctrl-C to skip this step..
  1 of 2: Creating Icarus viewers...
  2 of 2: Creating PDF with all tables and plots...
Done

2022-04-05 17:50:34
RESULTS:
  Text versions of total report are saved to /home/andreak/Genome_Analysis/Genome-Analysis/data/Metaquast/D3-SRR4342133_metaquast_out/runs_per_reference/endosymbiont_of_Ridgeia_piscesae/report.txt, report.tsv, and report.tex
  Text versions of transposed total report are saved to /home/andreak/Genome_Analysis/Genome-Analysis/data/Metaquast/D3-SRR4342133_metaquast_out/runs_per_reference/endosymbiont_of_Ridgeia_piscesae/transposed_report.txt, transposed_report.tsv, and transposed_report.tex
  HTML version (interactive tables and plots) is saved to /home/andreak/Genome_Analysis/Genome-Analysis/data/Metaquast/D3-SRR4342133_metaquast_out/runs_per_reference/endosymbiont_of_Ridgeia_piscesae/report.html
  PDF version (tables and plots) is saved to /home/andreak/Genome_Analysis/Genome-Analysis/data/Metaquast/D3-SRR4342133_metaquast_out/runs_per_reference/endosymbiont_of_Ridgeia_piscesae/report.pdf
  Icarus (contig browser) is saved to /home/andreak/Genome_Analysis/Genome-Analysis/data/Metaquast/D3-SRR4342133_metaquast_out/runs_per_reference/endosymbiont_of_Ridgeia_piscesae/icarus.html
