/sw/bioinfo/quast/5.0.2/rackham/bin/quast.py --colors #E31A1C --ls solid --no-check-meta --contig-thresholds 1000,5000,10000,25000,50000 --memory-efficient -t 1 /home/andreak/Genome_Analysis/Genome-Analysis/data/Metaquast/D3-SRR4342133_metaquast_out/quast_corrected_input/final-contigs_to_Neisseria_sp._CSL_7565.fasta -R /home/andreak/Genome_Analysis/Genome-Analysis/data/Metaquast/D3-SRR4342133_metaquast_out/quast_corrected_input/Neisseria_sp._CSL_7565.fasta -o /home/andreak/Genome_Analysis/Genome-Analysis/data/Metaquast/D3-SRR4342133_metaquast_out/runs_per_reference/Neisseria_sp._CSL_7565 --labels final.contigs

Started: 2022-04-05 17:48:41

Logging to /home/andreak/Genome_Analysis/Genome-Analysis/data/Metaquast/D3-SRR4342133_metaquast_out/runs_per_reference/Neisseria_sp._CSL_7565/quast.log

CWD: /domus/h1/andreak/Genome_Analysis/Genome-Analysis/code
Main parameters: 
  MODE: meta, threads: 1, minimum contig length: 500, minimum alignment length: 65, ambiguity: one, \
  threshold for extensive misassembly size: 1000

Reference:
  /home/andreak/Genome_Analysis/Genome-Analysis/data/Metaquast/D3-SRR4342133_metaquast_out/quast_corrected_input/Neisseria_sp._CSL_7565.fasta ==> Neisseria_sp._CSL_7565

Contigs:
  Pre-processing...
  /home/andreak/Genome_Analysis/Genome-Analysis/data/Metaquast/D3-SRR4342133_metaquast_out/quast_corrected_input/final-contigs_to_Neisseria_sp._CSL_7565.fasta ==> final.contigs

2022-04-05 17:48:41
Running Basic statistics processor...
  Reference genome:
    Neisseria_sp._CSL_7565.fasta, length = 2423693, num fragments = 1, GC % = 44.56
  Contig files: 
    final.contigs
  Calculating N50 and L50...
    final.contigs, N50 = 1497, L50 = 1, Total length = 1497, GC % = 49.30, # N's per 100 kbp =  0.00
  Drawing Nx plot...
    saved to /home/andreak/Genome_Analysis/Genome-Analysis/data/Metaquast/D3-SRR4342133_metaquast_out/runs_per_reference/Neisseria_sp._CSL_7565/basic_stats/Nx_plot.pdf
  Drawing NGx plot...
    saved to /home/andreak/Genome_Analysis/Genome-Analysis/data/Metaquast/D3-SRR4342133_metaquast_out/runs_per_reference/Neisseria_sp._CSL_7565/basic_stats/NGx_plot.pdf
  Drawing cumulative plot...
    saved to /home/andreak/Genome_Analysis/Genome-Analysis/data/Metaquast/D3-SRR4342133_metaquast_out/runs_per_reference/Neisseria_sp._CSL_7565/basic_stats/cumulative_plot.pdf
  Drawing GC content plot...
    saved to /home/andreak/Genome_Analysis/Genome-Analysis/data/Metaquast/D3-SRR4342133_metaquast_out/runs_per_reference/Neisseria_sp._CSL_7565/basic_stats/GC_content_plot.pdf
  Drawing final.contigs GC content plot...
    saved to /home/andreak/Genome_Analysis/Genome-Analysis/data/Metaquast/D3-SRR4342133_metaquast_out/runs_per_reference/Neisseria_sp._CSL_7565/basic_stats/final.contigs_GC_content_plot.pdf
Done.

2022-04-05 17:48:45
Running Contig analyzer...
  final.contigs
  Logging to files /home/andreak/Genome_Analysis/Genome-Analysis/data/Metaquast/D3-SRR4342133_metaquast_out/runs_per_reference/Neisseria_sp._CSL_7565/contigs_reports/contigs_report_final-contigs.stdout and contigs_report_final-contigs.stderr...
  Aligning contigs to the reference
  /sw/bioinfo/quast/5.0.2/rackham/lib/python3.7/site-packages/quast_libs/minimap2/minimap2 \
  -c -x asm5 -B5 -O4,16 --no-long-join -r 85 -N 50 -s 65 -z 200 --mask-level 0.9 --min-occ \
  200 -g 2500 --score-N 2 --cs -t 1 /home/andreak/Genome_Analysis/Genome-Analysis/data/Metaquast/D3-SRR4342133_metaquast_out/quast_corrected_input/Neisseria_sp._CSL_7565.fasta \
  /home/andreak/Genome_Analysis/Genome-Analysis/data/Metaquast/D3-SRR4342133_metaquast_out/quast_corrected_input/final-contigs_to_Neisseria_sp._CSL_7565.fasta \
  > /home/andreak/Genome_Analysis/Genome-Analysis/data/Metaquast/D3-SRR4342133_metaquast_out/runs_per_reference/Neisseria_sp._CSL_7565/contigs_reports/minimap_output/final-contigs.coords_tmp \
  2>> /home/andreak/Genome_Analysis/Genome-Analysis/data/Metaquast/D3-SRR4342133_metaquast_out/runs_per_reference/Neisseria_sp._CSL_7565/contigs_reports/contigs_report_final-contigs.stderr
  Analysis is finished.

  Creating total report...
    saved to /home/andreak/Genome_Analysis/Genome-Analysis/data/Metaquast/D3-SRR4342133_metaquast_out/runs_per_reference/Neisseria_sp._CSL_7565/contigs_reports/misassemblies_report.txt, misassemblies_report.tsv, and misassemblies_report.tex
  Transposed version of total report...
    saved to /home/andreak/Genome_Analysis/Genome-Analysis/data/Metaquast/D3-SRR4342133_metaquast_out/runs_per_reference/Neisseria_sp._CSL_7565/contigs_reports/transposed_report_misassemblies.txt, transposed_report_misassemblies.tsv, and transposed_report_misassemblies.tex
  Creating total report...
    saved to /home/andreak/Genome_Analysis/Genome-Analysis/data/Metaquast/D3-SRR4342133_metaquast_out/runs_per_reference/Neisseria_sp._CSL_7565/contigs_reports/unaligned_report.txt, unaligned_report.tsv, and unaligned_report.tex
  Drawing misassemblies by types plot...
    saved to /home/andreak/Genome_Analysis/Genome-Analysis/data/Metaquast/D3-SRR4342133_metaquast_out/runs_per_reference/Neisseria_sp._CSL_7565/contigs_reports/misassemblies_plot.pdf
  Drawing misassemblies FRCurve plot...
    saved to /home/andreak/Genome_Analysis/Genome-Analysis/data/Metaquast/D3-SRR4342133_metaquast_out/runs_per_reference/Neisseria_sp._CSL_7565/contigs_reports/misassemblies_frcurve_plot.pdf
Done.

2022-04-05 17:48:47
Running NA-NGA calculation...
  final.contigs, Largest alignment = 96, NA50 = None, LA50 = None
  Drawing cumulative plot...
    saved to /home/andreak/Genome_Analysis/Genome-Analysis/data/Metaquast/D3-SRR4342133_metaquast_out/runs_per_reference/Neisseria_sp._CSL_7565/aligned_stats/cumulative_plot.pdf
  Drawing NAx plot...
    saved to /home/andreak/Genome_Analysis/Genome-Analysis/data/Metaquast/D3-SRR4342133_metaquast_out/runs_per_reference/Neisseria_sp._CSL_7565/aligned_stats/NAx_plot.pdf
  Drawing NGAx plot...
    saved to /home/andreak/Genome_Analysis/Genome-Analysis/data/Metaquast/D3-SRR4342133_metaquast_out/runs_per_reference/Neisseria_sp._CSL_7565/aligned_stats/NGAx_plot.pdf
Done.

2022-04-05 17:48:49
Running Genome analyzer...
  NOTICE: No file with genomic features were provided. Use the --features option if you want to specify it.

  NOTICE: No file with operons were provided. Use the -O option if you want to specify it.
  final.contigs
  Analysis is finished.
  Skipping drawing Genome fraction, % histogram... (less than 2 columns histogram makes no sense)
Done.

NOTICE: Genes are not predicted by default. Use --gene-finding or --glimmer option to enable it.

2022-04-05 17:48:51
Creating large visual summaries...
This may take a while: press Ctrl-C to skip this step..
  1 of 2: Creating Icarus viewers...
  2 of 2: Creating PDF with all tables and plots...
Done

2022-04-05 17:48:55
RESULTS:
  Text versions of total report are saved to /home/andreak/Genome_Analysis/Genome-Analysis/data/Metaquast/D3-SRR4342133_metaquast_out/runs_per_reference/Neisseria_sp._CSL_7565/report.txt, report.tsv, and report.tex
  Text versions of transposed total report are saved to /home/andreak/Genome_Analysis/Genome-Analysis/data/Metaquast/D3-SRR4342133_metaquast_out/runs_per_reference/Neisseria_sp._CSL_7565/transposed_report.txt, transposed_report.tsv, and transposed_report.tex
  HTML version (interactive tables and plots) is saved to /home/andreak/Genome_Analysis/Genome-Analysis/data/Metaquast/D3-SRR4342133_metaquast_out/runs_per_reference/Neisseria_sp._CSL_7565/report.html
  PDF version (tables and plots) is saved to /home/andreak/Genome_Analysis/Genome-Analysis/data/Metaquast/D3-SRR4342133_metaquast_out/runs_per_reference/Neisseria_sp._CSL_7565/report.pdf
  Icarus (contig browser) is saved to /home/andreak/Genome_Analysis/Genome-Analysis/data/Metaquast/D3-SRR4342133_metaquast_out/runs_per_reference/Neisseria_sp._CSL_7565/icarus.html
